\BOOKMARK [1][-]{section.1}{\376\377\006\105\006\102\006\057\006\105\006\107}{}% 1
\BOOKMARK [2][-]{subsection.1.1}{\376\377\006\063\006\110\006\047\006\104\000\040\006\176\006\230\006\110\006\107\006\064\006\314\000\040\006\047\006\065\006\104\006\314}{section.1}% 2
\BOOKMARK [2][-]{subsection.1.2}{\376\377\006\047\006\107\006\105\006\314\006\052\000\040\006\105\006\110\006\066\006\110\006\071}{section.1}% 3
\BOOKMARK [1][-]{section.2}{\376\377\006\061\006\110\006\064\040\014\006\064\006\106\006\047\006\063\006\314}{}% 4
\BOOKMARK [2][-]{subsection.2.1}{\376\377\006\067\006\061\006\055\000\040\006\105\006\067\006\047\006\104\006\071\006\107\000:\000\040\006\063\006\106\006\047\006\061\006\314\006\110\000\040\006\362\000\040\000-\000\040\006\067\006\061\006\047\006\055\006\314\000\040\006\052\006\251\006\061\006\047\006\061\000\040\006\047\006\106\006\057\006\047\006\062\006\107\040\014\006\257\006\314\006\061\006\314}{section.2}% 5
\BOOKMARK [2][-]{subsection.2.2}{\376\377\006\101\006\061\006\066\006\314\006\107\040\014\006\107\006\047}{section.2}% 6
\BOOKMARK [2][-]{subsection.2.3}{\376\377\006\042\006\062\006\105\006\110\006\106\000\040\006\042\006\105\006\047\006\061\006\314}{section.2}% 7
\BOOKMARK [2][-]{subsection.2.4}{\376\377\006\064\006\061\006\251\006\052\040\014\006\251\006\106\006\106\006\057\006\257\006\047\006\106}{section.2}% 8
\BOOKMARK [2][-]{subsection.2.5}{\376\377\006\106\006\052\006\047\006\314\006\054}{section.2}% 9
\BOOKMARK [3][-]{subsubsection.2.5.1}{\376\377\006\105\006\102\006\047\006\314\006\063\006\107\000\040\006\057\006\110\000\040\006\106\006\102\006\067\006\107\000\040\006\062\006\105\006\047\006\106\006\314}{subsection.2.5}% 10
\BOOKMARK [3][-]{subsubsection.2.5.2}{\376\377\006\107\006\105\006\050\006\063\006\052\006\257\006\314\000\040\000E\000E\000G\000\040\006\110\000\040\006\064\006\106\006\047\006\056\006\052}{subsection.2.5}% 11
\BOOKMARK [3][-]{subsubsection.2.5.3}{\376\377\006\176\006\314\006\064\040\014\006\050\006\314\006\106\006\314}{subsection.2.5}% 12
\BOOKMARK [2][-]{subsection.2.6}{\376\377\006\052\006\101\006\063\006\314\006\061}{section.2}% 13
\BOOKMARK [2][-]{subsection.2.7}{\376\377\006\052\006\071\006\061\006\314\006\101\000\040\006\102\006\057\006\061\006\052\000\040\006\106\006\063\006\050\006\314\000\040\000E\000E\000G}{section.2}% 14
\BOOKMARK [2][-]{subsection.2.8}{\376\377\006\050\006\047\006\106\006\057\006\107\006\047\006\314\000\040\006\101\006\061\006\251\006\047\006\106\006\063\006\314\000\040\006\105\006\110\006\061\006\057\000\040\006\052\006\055\006\104\006\314\006\104}{section.2}% 15
\BOOKMARK [1][-]{section.3}{\376\377\006\106\006\052\006\047\006\314\006\054\000\040\006\047\006\065\006\104\006\314}{}% 16
\BOOKMARK [2][-]{subsection.3.1}{\376\377\006\052\006\072\006\314\006\314\006\061\006\047\006\052\000\040\006\064\006\106\006\047\006\056\006\052\006\314\000\040\006\067\006\110\006\104\006\314}{section.3}% 17
\BOOKMARK [2][-]{subsection.3.2}{\376\377\006\054\006\057\006\110\006\104\000\040\006\251\006\047\006\105\006\104\000\040\006\052\006\072\006\314\006\314\006\061\006\047\006\052\000\040\006\064\006\106\006\047\006\056\006\052\006\314}{section.3}% 18
\BOOKMARK [1][-]{section.4}{\376\377\006\107\006\105\006\050\006\063\006\052\006\257\006\314\000\040\000E\000E\000G\000\040\006\110\000\040\006\064\006\106\006\047\006\056\006\052}{}% 19
\BOOKMARK [2][-]{subsection.4.1}{\376\377\006\047\006\061\006\052\006\050\006\047\006\067\000\040\006\047\006\105\006\110\006\047\006\054\000\040\006\251\006\106\006\057\000\040\006\050\006\047\000\040\006\047\006\056\006\052\006\104\006\047\006\104\000\040\006\064\006\106\006\047\006\056\006\052\006\314}{section.4}% 20
\BOOKMARK [2][-]{subsection.4.2}{\376\377\006\047\006\061\006\052\006\050\006\047\006\067\000\040\006\105\006\053\006\050\006\052\000\040\006\047\006\105\006\110\006\047\006\054\000\040\006\042\006\104\006\101\006\047\000\040\006\050\006\047\000\040\006\055\006\101\006\070\000\040\006\064\006\106\006\047\006\056\006\052}{section.4}% 21
\BOOKMARK [2][-]{subsection.4.3}{\376\377\006\056\006\104\006\047\006\065\006\107\000\040\006\107\006\105\006\050\006\063\006\052\006\257\006\314\040\014\006\107\006\047}{section.4}% 22
\BOOKMARK [1][-]{section.5}{\376\377\006\105\006\057\006\104\040\014\006\063\006\047\006\062\006\314\000\040\006\176\006\314\006\064\040\014\006\050\006\314\006\106\006\314}{}% 23
\BOOKMARK [2][-]{subsection.5.1}{\376\377\006\061\006\257\006\061\006\063\006\314\006\110\006\106\000\040\006\056\006\067\006\314\000\040\006\050\006\061\006\047\006\314\000\040\006\176\006\314\006\064\040\014\006\050\006\314\006\106\006\314\000\040\006\064\006\106\006\047\006\056\006\052}{section.5}% 24
\BOOKMARK [1][-]{section.6}{\376\377\006\105\006\251\006\047\006\106\006\314\006\062\006\105\040\014\006\107\006\047\006\314\000\040\006\071\006\065\006\050\040\014\006\101\006\314\006\062\006\314\006\110\006\104\006\110\006\230\006\314\006\251\006\314}{}% 25
\BOOKMARK [2][-]{subsection.6.1}{\376\377\006\052\006\101\006\063\006\314\006\061\000\040\006\047\006\105\006\110\006\047\006\054\000\040\006\251\006\106\006\057}{section.6}% 26
\BOOKMARK [2][-]{subsection.6.2}{\376\377\006\106\006\102\006\064\000\040\006\047\006\105\006\110\006\047\006\054\000\040\006\042\006\104\006\101\006\047}{section.6}% 27
\BOOKMARK [1][-]{section.7}{\376\377\006\251\006\047\006\061\006\050\006\061\006\057\006\107\006\047\006\314\000\040\006\050\006\047\006\104\006\314\006\106\006\314}{}% 28
\BOOKMARK [2][-]{subsection.7.1}{\376\377\006\072\006\061\006\050\006\047\006\104\006\257\006\061\006\314\000\040\006\176\006\314\006\064\000\040\006\047\006\062\000\040\000D\000B\000S}{section.7}% 29
\BOOKMARK [2][-]{subsection.7.2}{\376\377\006\105\006\062\006\047\006\314\006\047\006\314\000\040\000q\000E\000E\000G\000\040\006\106\006\063\006\050\006\052\000\040\006\050\006\107\000\040\006\042\006\062\006\105\006\110\006\106\040\014\006\107\006\047\006\314\000\040\006\063\006\106\006\052\006\314}{section.7}% 30
\BOOKMARK [1][-]{section.8}{\376\377\006\105\006\055\006\057\006\110\006\057\006\314\006\052\040\014\006\107\006\047}{}% 31
\BOOKMARK [2][-]{subsection.8.1}{\376\377\006\105\006\055\006\057\006\110\006\057\006\314\006\052\040\014\006\107\006\047\006\314\000\040\006\105\006\067\006\047\006\104\006\071\006\107}{section.8}% 32
\BOOKMARK [1][-]{section.9}{\376\377\006\106\006\052\006\314\006\054\006\107\040\014\006\257\006\314\006\061\006\314}{}% 33
