\BOOKMARK [1][-]{section.1}{\376\377\006\105\006\053\006\047\006\104\000:\000\040\006\105\006\110\006\104\006\101\006\107\000\040\000N\0004\0000\0000\000\040\006\057\006\061\000\040\006\176\006\061\006\057\006\047\006\062\006\064\000\040\006\105\006\071\006\106\006\047\006\314\006\314\000\040\006\054\006\105\006\104\006\107}{}% 1
\BOOKMARK [2][-]{subsection.1.1}{\376\377\006\062\006\105\006\314\006\106\006\107\000\040\006\176\006\230\006\110\006\107\006\064}{section.1}% 2
\BOOKMARK [2][-]{subsection.1.2}{\376\377\006\063\006\110\006\047\006\104\000\040\006\176\006\230\006\110\006\107\006\064\006\314}{section.1}% 3
\BOOKMARK [2][-]{subsection.1.3}{\376\377\006\101\006\061\006\066\006\314\006\107\040\014\006\107\006\047}{section.1}% 4
\BOOKMARK [2][-]{subsection.1.4}{\376\377\006\063\006\047\006\056\006\052\006\047\006\061\000\040\006\057\006\047\006\057\006\107\040\014\006\107\006\047}{section.1}% 5
\BOOKMARK [3][-]{subsubsection.1.4.1}{\376\377\006\105\006\101\006\107\006\110\006\105\000\040\006\105\006\110\006\104\006\101\006\107\000\040\000N\0004\0000\0000}{subsection.1.4}% 6
\BOOKMARK [2][-]{subsection.1.5}{\376\377\006\042\006\062\006\105\006\110\006\106\000\040\006\042\006\105\006\047\006\061\006\314\000\040\006\052\006\110\006\065\006\314\006\107\000\040\006\064\006\057\006\107}{section.1}% 7
\BOOKMARK [3][-]{subsubsection.1.5.1}{\376\377\006\047\006\106\006\052\006\056\006\047\006\050\000\040\006\042\006\062\006\105\006\110\006\106\000\040\006\042\006\105\006\047\006\061\006\314}{subsection.1.5}% 8
\BOOKMARK [2][-]{subsection.1.6}{\376\377\006\061\006\110\006\064\000\040\006\047\006\054\006\061\006\047\006\314\000\040\006\105\006\067\006\047\006\104\006\071\006\107}{section.1}% 9
\BOOKMARK [3][-]{subsubsection.1.6.1}{\376\377\006\064\006\061\006\251\006\052\040\014\006\251\006\106\006\106\006\057\006\257\006\047\006\106}{subsection.1.6}% 10
\BOOKMARK [3][-]{subsubsection.1.6.2}{\376\377\006\047\006\050\006\062\006\047\006\061\006\107\006\047\000\040\006\110\000\040\006\061\006\110\006\064\040\014\006\107\006\047}{subsection.1.6}% 11
\BOOKMARK [2][-]{subsection.1.7}{\376\377\006\052\006\054\006\062\006\314\006\107\000\040\006\110\000\040\006\052\006\055\006\104\006\314\006\104\000\040\006\057\006\047\006\057\006\107\040\014\006\107\006\047}{section.1}% 12
\BOOKMARK [3][-]{subsubsection.1.7.1}{\376\377\006\176\006\314\006\064\040\014\006\176\006\061\006\057\006\047\006\062\006\064\000\040\000E\000E\000G}{subsection.1.7}% 13
\BOOKMARK [3][-]{subsubsection.1.7.2}{\376\377\006\047\006\063\006\052\006\056\006\061\006\047\006\054\000\040\006\105\006\110\006\104\006\101\006\107\040\014\006\107\006\047\006\314\000\040\000E\000R\000P}{subsection.1.7}% 14
\BOOKMARK [2][-]{subsection.1.8}{\376\377\006\052\006\055\006\104\006\314\006\104\000\040\006\042\006\105\006\047\006\061\006\314}{section.1}% 15
\BOOKMARK [3][-]{subsubsection.1.8.1}{\376\377\006\052\006\055\006\104\006\314\006\104\000\040\006\047\006\065\006\104\006\314}{subsection.1.8}% 16
\BOOKMARK [3][-]{subsubsection.1.8.2}{\376\377\006\052\006\055\006\104\006\314\006\104\040\014\006\107\006\047\006\314\000\040\006\052\006\251\006\105\006\314\006\104\006\314}{subsection.1.8}% 17
\BOOKMARK [1][-]{section.2}{\376\377\006\106\006\052\006\047\006\314\006\054\000\040\006\105\006\067\006\047\006\104\006\071\006\107}{}% 18
\BOOKMARK [2][-]{subsection.2.1}{\376\377\006\057\006\102\006\052\000\040\006\061\006\101\006\052\006\047\006\061\006\314}{section.2}% 19
\BOOKMARK [2][-]{subsection.2.2}{\376\377\006\052\006\055\006\104\006\314\006\104\000\040\006\105\006\110\006\104\006\101\006\107\000\040\000N\0004\0000\0000}{section.2}% 20
\BOOKMARK [2][-]{subsection.2.3}{\376\377\006\052\006\055\006\104\006\314\006\104\000\040\006\105\006\110\006\104\006\101\006\107\040\014\006\107\006\047\006\314\000\040\006\107\006\105\006\061\006\047\006\107}{section.2}% 21
\BOOKMARK [2][-]{subsection.2.4}{\376\377\006\052\006\055\006\104\006\314\006\104\000\040\006\110\006\047\006\061\006\314\006\047\006\106\006\063\000\040\006\047\006\106\006\057\006\047\006\062\006\107\040\014\006\257\006\314\006\061\006\314\040\014\006\107\006\047\006\314\000\040\006\105\006\251\006\061\006\061}{section.2}% 22
\BOOKMARK [2][-]{subsection.2.5}{\376\377\006\052\006\055\006\104\006\314\006\104\000\040\006\106\006\110\006\047\006\055\006\314\000\040\006\054\006\047\006\106\006\050\006\314}{section.2}% 23
\BOOKMARK [1][-]{section.3}{\376\377\006\052\006\101\006\063\006\314\006\061\000\040\006\106\006\052\006\047\006\314\006\054}{}% 24
\BOOKMARK [2][-]{subsection.3.1}{\376\377\006\314\006\047\006\101\006\052\006\107\040\014\006\107\006\047\006\314\000\040\006\047\006\065\006\104\006\314}{section.3}% 25
\BOOKMARK [2][-]{subsection.3.2}{\376\377\006\052\006\101\006\063\006\314\006\061\000\040\006\071\006\104\006\105\006\314}{section.3}% 26
\BOOKMARK [1][-]{section.4}{\376\377\006\042\006\062\006\105\006\110\006\106\040\014\006\107\006\047\006\314\000\040\006\052\006\071\006\102\006\314\006\050\006\314}{}% 27
\BOOKMARK [2][-]{subsection.4.1}{\376\377\006\105\006\102\006\047\006\314\006\063\006\047\006\052\000\040\006\206\006\106\006\057\006\257\006\047\006\106\006\107}{section.4}% 28
\BOOKMARK [1][-]{section.5}{\376\377\006\052\006\055\006\104\006\314\006\104\000\040\006\052\006\110\006\176\006\110\006\257\006\061\006\047\006\101\006\314}{}% 29
\BOOKMARK [2][-]{subsection.5.1}{\376\377\006\052\006\110\006\062\006\314\006\071\000\040\006\101\006\066\006\047\006\314\006\314\000\040\000N\0004\0000\0000}{section.5}% 30
\BOOKMARK [1][-]{section.6}{\376\377\006\105\006\055\006\057\006\110\006\057\006\314\006\052\040\014\006\107\006\047\000\040\006\110\000\040\006\105\006\104\006\047\006\055\006\070\006\047\006\052}{}% 31
\BOOKMARK [2][-]{subsection.6.1}{\376\377\006\105\006\055\006\057\006\110\006\057\006\314\006\052\040\014\006\107\006\047\006\314\000\040\006\061\006\110\006\064\040\014\006\064\006\106\006\047\006\056\006\052\006\314}{section.6}% 32
\BOOKMARK [2][-]{subsection.6.2}{\376\377\006\101\006\061\006\066\006\314\006\047\006\052\000\040\000R\000e\000p\000e\000a\000t\000e\000d\000\040\000M\000e\000a\000s\000u\000r\000e\000s\000\040\000A\000N\000O\000V\000A}{section.6}% 33
\BOOKMARK [1][-]{section.7}{\376\377\006\251\006\047\006\061\006\050\006\061\006\057\006\107\006\047\006\314\000\040\006\050\006\047\006\104\006\314\006\106\006\314\000\040\006\110\000\040\006\251\006\047\006\061\006\050\006\061\006\057\006\314}{}% 34
\BOOKMARK [2][-]{subsection.7.1}{\376\377\006\047\006\061\006\062\006\314\006\047\006\050\006\314\000\040\006\047\006\056\006\052\006\104\006\047\006\104\006\047\006\052\000\040\006\062\006\050\006\047\006\106\006\314}{section.7}% 35
\BOOKMARK [1][-]{section.8}{\376\377\006\106\006\052\006\314\006\054\006\107\040\014\006\257\006\314\006\061\006\314}{}% 36
\BOOKMARK [1][-]{section.9}{\376\377\006\101\006\061\006\105\006\110\006\104\040\014\006\107\006\047\006\314\000\040\006\042\006\105\006\047\006\061\006\314}{}% 37
\BOOKMARK [2][-]{subsection.9.1}{\376\377\006\052\006\055\006\104\006\314\006\104\000\040\006\110\006\047\006\061\006\314\006\047\006\106\006\063\000\040\006\047\006\106\006\057\006\047\006\062\006\107\040\014\006\257\006\314\006\061\006\314\040\014\006\107\006\047\006\314\000\040\006\105\006\251\006\061\006\061}{section.9}% 38
\BOOKMARK [2][-]{subsection.9.2}{\376\377\006\052\006\065\006\055\006\314\006\055\000\040\006\251\006\061\006\110\006\314\006\052}{section.9}% 39
\BOOKMARK [2][-]{subsection.9.3}{\376\377\006\047\006\106\006\057\006\047\006\062\006\107\000\040\006\047\006\053\006\061}{section.9}% 40
\BOOKMARK [2][-]{subsection.9.4}{\376\377\006\052\006\065\006\055\006\314\006\055\000\040\000B\000o\000n\000f\000e\000r\000r\000o\000n\000i}{section.9}% 41
\BOOKMARK [1][-]{section.10}{\376\377\006\105\006\061\006\047\006\054\006\071}{}% 42
