\BOOKMARK [1][-]{section.1}{\376\377\006\047\006\314\006\057\006\107\000\040\006\055\006\063\006\314}{}% 1
\BOOKMARK [2][-]{subsection.1.1}{\376\377\006\064\006\061\006\047\006\314\006\067\000\040\006\047\006\063\006\052\006\101\006\047\006\057\006\107}{section.1}% 2
\BOOKMARK [1][-]{section.2}{\376\377\006\105\006\053\006\047\006\104\040\014\006\107\006\047\006\314\000\040\006\061\006\110\006\062\006\105\006\061\006\107}{}% 3
\BOOKMARK [1][-]{section.3}{\376\377\006\176\006\047\006\061\006\047\006\105\006\052\006\061\006\107\006\047\006\314\000\040\006\047\006\065\006\104\006\314}{}% 4
\BOOKMARK [1][-]{section.4}{\376\377\006\101\006\061\006\105\006\110\006\104\000\040\006\206\006\257\006\047\006\104\006\314\000\040\006\047\006\055\006\052\006\105\006\047\006\104}{}% 5
\BOOKMARK [1][-]{section.5}{\376\377\006\056\006\065\006\110\006\065\006\314\006\047\006\052\000\040\006\105\006\107\006\105}{}% 6
\BOOKMARK [2][-]{subsection.5.1}{\376\377\006\105\006\314\006\047\006\106\006\257\006\314\006\106}{section.5}% 7
\BOOKMARK [2][-]{subsection.5.2}{\376\377\006\110\006\047\006\061\006\314\006\047\006\106\006\063}{section.5}% 8
\BOOKMARK [2][-]{subsection.5.3}{\376\377\006\061\006\047\006\050\006\067\006\107\000\040\006\050\006\047\000\040\006\057\006\314\006\257\006\061\000\040\006\052\006\110\006\062\006\314\006\071\040\014\006\107\006\047}{section.5}% 9
\BOOKMARK [1][-]{section.6}{\376\377\006\106\006\105\006\110\006\057\006\047\006\061\006\107\006\047\006\314\000\040\006\052\006\110\006\062\006\314\006\071\000\040\000F}{}% 10
\BOOKMARK [1][-]{section.7}{\376\377\006\105\006\102\006\047\006\314\006\063\006\107\000\040\006\050\006\047\000\040\006\052\006\110\006\062\006\314\006\071\040\014\006\107\006\047\006\314\000\040\006\057\006\314\006\257\006\061}{}% 11
\BOOKMARK [1][-]{section.8}{\376\377\006\251\006\314\000\040\006\047\006\062\000\040\006\052\006\110\006\062\006\314\006\071\000\040\000F\000\040\006\047\006\063\006\052\006\101\006\047\006\057\006\107\000\040\006\251\006\106\006\314\006\105\006\037}{}% 12
\BOOKMARK [2][-]{subsection.8.1}{\376\377\006\063\006\110\006\047\006\104\006\047\006\052\000\040\006\251\006\104\006\314\006\057\006\314\000:}{section.8}% 13
\BOOKMARK [1][-]{section.9}{\376\377\006\052\006\055\006\104\006\314\006\104\000\040\006\110\006\047\006\061\006\314\006\047\006\106\006\063\000\040\000\050\000A\000N\000O\000V\000A\000\051\000\040\000-\000\040\006\052\006\110\006\066\006\314\006\055\000\040\006\251\006\047\006\105\006\104}{}% 14
\BOOKMARK [2][-]{subsection.9.1}{\376\377\006\206\006\061\006\047\000\040\000A\000N\000O\000V\000A\006\037\000\040\000-\000\040\006\105\006\063\006\046\006\104\006\107\000\040\006\042\006\062\006\105\006\110\006\106\040\014\006\107\006\047\006\314\000\040\006\105\006\052\006\071\006\057\006\057}{section.9}% 15
\BOOKMARK [2][-]{subsection.9.2}{\376\377\006\105\006\106\006\067\006\102\000\040\006\176\006\064\006\052\000\040\000A\000N\000O\000V\000A}{section.9}% 16
\BOOKMARK [2][-]{subsection.9.3}{\376\377\006\101\006\061\006\066\006\314\006\107\040\014\006\107\006\047\006\314\000\040\000A\000N\000O\000V\000A}{section.9}% 17
\BOOKMARK [2][-]{subsection.9.4}{\376\377\006\105\006\061\006\047\006\055\006\104\000\040\006\105\006\055\006\047\006\063\006\050\006\107\000\040\000A\000N\000O\000V\000A}{section.9}% 18
\BOOKMARK [3][-]{subsubsection.9.4.1}{\376\377\006\105\006\061\006\055\006\104\006\107\000\040\0001\000:\000\040\006\105\006\055\006\047\006\063\006\050\006\107\000\040\006\105\006\054\006\105\006\110\006\071\000\040\006\105\006\061\006\050\006\071\006\047\006\052}{subsection.9.4}% 19
\BOOKMARK [3][-]{subsubsection.9.4.2}{\376\377\006\105\006\061\006\055\006\104\006\107\000\040\0002\000:\000\040\006\105\006\055\006\047\006\063\006\050\006\107\000\040\006\057\006\061\006\054\006\047\006\052\000\040\006\042\006\062\006\047\006\057\006\314}{subsection.9.4}% 20
\BOOKMARK [3][-]{subsubsection.9.4.3}{\376\377\006\105\006\061\006\055\006\104\006\107\000\040\0003\000:\000\040\006\105\006\055\006\047\006\063\006\050\006\107\000\040\006\105\006\314\006\047\006\106\006\257\006\314\006\106\000\040\006\105\006\061\006\050\006\071\006\047\006\052}{subsection.9.4}% 21
\BOOKMARK [3][-]{subsubsection.9.4.4}{\376\377\006\105\006\061\006\055\006\104\006\107\000\040\0004\000:\000\040\006\105\006\055\006\047\006\063\006\050\006\107\000\040\006\042\006\105\006\047\006\061\006\107\000\040\000F}{subsection.9.4}% 22
\BOOKMARK [2][-]{subsection.9.5}{\376\377\006\105\006\053\006\047\006\104\000\040\006\251\006\047\006\105\006\104\000\040\000A\000N\000O\000V\000A}{section.9}% 23
\BOOKMARK [3][-]{subsubsection.9.5.1}{\376\377\006\105\006\063\006\046\006\104\006\107\000:}{subsection.9.5}% 24
\BOOKMARK [3][-]{subsubsection.9.5.2}{\376\377\006\055\006\104\000\040\006\257\006\047\006\105\000\040\006\050\006\107\000\040\006\257\006\047\006\105\000:}{subsection.9.5}% 25
\BOOKMARK [2][-]{subsection.9.6}{\376\377\006\054\006\057\006\110\006\104\000\040\000A\000N\000O\000V\000A}{section.9}% 26
\BOOKMARK [2][-]{subsection.9.7}{\376\377\006\064\006\061\006\047\006\314\006\067\000\040\006\047\006\063\006\052\006\101\006\047\006\057\006\107\000\040\006\047\006\062\000\040\000A\000N\000O\000V\000A}{section.9}% 27
\BOOKMARK [2][-]{subsection.9.8}{\376\377\006\047\006\106\006\110\006\047\006\071\000\040\000A\000N\000O\000V\000A}{section.9}% 28
\BOOKMARK [3][-]{subsubsection.9.8.1}{\376\377\000A\000N\000O\000V\000A\000\040\006\314\006\251\040\014\006\067\006\061\006\101\006\107\000\040\000\050\000O\000n\000e\000-\000W\000a\000y\000\040\000A\000N\000O\000V\000A\000\051}{subsection.9.8}% 29
\BOOKMARK [3][-]{subsubsection.9.8.2}{\376\377\000A\000N\000O\000V\000A\000\040\006\057\006\110\006\067\006\061\006\101\006\107\000\040\000\050\000T\000w\000o\000-\000W\000a\000y\000\040\000A\000N\000O\000V\000A\000\051}{subsection.9.8}% 30
\BOOKMARK [3][-]{subsubsection.9.8.3}{\376\377\000A\000N\000O\000V\000A\000\040\006\050\006\047\000\040\006\047\006\106\006\057\006\047\006\062\006\107\040\014\006\257\006\314\006\061\006\314\000\040\006\105\006\251\006\061\006\061\000\040\000\050\000R\000e\000p\000e\000a\000t\000e\000d\000\040\000M\000e\000a\000s\000u\000r\000e\000s\000\040\000A\000N\000O\000V\000A\000\051}{subsection.9.8}% 31
\BOOKMARK [1][-]{section.10}{\376\377\006\251\006\047\006\061\006\050\006\061\006\057\006\107\006\047\006\314\000\040\006\071\006\105\006\104\006\314}{}% 32
\BOOKMARK [2][-]{subsection.10.1}{\376\377\0001\000.\000\040\006\042\006\062\006\105\006\110\006\106\000\040\006\052\006\063\006\047\006\110\006\314\000\040\006\110\006\047\006\061\006\314\006\047\006\106\006\063}{section.10}% 33
\BOOKMARK [2][-]{subsection.10.2}{\376\377\0002\000.\000\040\006\052\006\055\006\104\006\314\006\104\000\040\006\110\006\047\006\061\006\314\006\047\006\106\006\063\000\040\000\050\000A\000N\000O\000V\000A\000\051}{section.10}% 34
\BOOKMARK [2][-]{subsection.10.3}{\376\377\0003\000.\000\040\006\061\006\257\006\061\006\063\006\314\006\110\006\106\000\040\006\056\006\067\006\314}{section.10}% 35
\BOOKMARK [1][-]{section.11}{\376\377\006\105\006\053\006\047\006\104\000\040\006\071\006\105\006\104\006\314\000\040\006\063\006\047\006\057\006\107}{}% 36
\BOOKMARK [2][-]{subsection.11.1}{\376\377\006\105\006\063\006\046\006\104\006\107\000:}{section.11}% 37
\BOOKMARK [2][-]{subsection.11.2}{\376\377\006\057\006\047\006\057\006\107\040\014\006\107\006\047\000:}{section.11}% 38
\BOOKMARK [2][-]{subsection.11.3}{\376\377\006\055\006\104\000:}{section.11}% 39
\BOOKMARK [2][-]{subsection.11.4}{\376\377\006\052\006\101\006\063\006\314\006\061\000:}{section.11}% 40
\BOOKMARK [1][-]{section.12}{\376\377\006\251\006\047\006\061\006\050\006\061\006\057\006\107\006\047\006\314\000\040\006\176\006\314\006\064\006\061\006\101\006\052\006\107\000\040\000A\000N\000O\000V\000A}{}% 41
\BOOKMARK [2][-]{subsection.12.1}{\376\377\006\042\006\062\006\105\006\110\006\106\040\014\006\107\006\047\006\314\000\040\006\176\006\063\006\314\006\106\000\040\000\050\000P\000o\000s\000t\000-\000H\000o\000c\000\040\000T\000e\000s\000t\000s\000\051}{section.12}% 42
\BOOKMARK [3][-]{subsubsection.12.1.1}{\376\377\006\042\006\062\006\105\006\110\006\106\000\040\006\052\006\110\006\251\006\314\000\040\000\050\000T\000u\000k\000e\000y\000\040\000H\000S\000D\000\051}{subsection.12.1}% 43
\BOOKMARK [3][-]{subsubsection.12.1.2}{\376\377\006\042\006\062\006\105\006\110\006\106\000\040\006\050\006\110\006\106\006\101\006\061\006\110\006\106\006\314\000\040\000\050\000B\000o\000n\000f\000e\000r\000r\000o\000n\000i\000\051}{subsection.12.1}% 44
\BOOKMARK [3][-]{subsubsection.12.1.3}{\376\377\006\042\006\062\006\105\006\110\006\106\000\040\006\064\006\101\006\107\000\040\000\050\000S\000c\000h\000e\000f\000f\000\351\000\051}{subsection.12.1}% 45
\BOOKMARK [2][-]{subsection.12.2}{\376\377\000A\000N\000O\000V\000A\000\040\006\057\006\110\006\067\006\061\006\101\006\107\000\040\000-\000\040\006\052\006\110\006\066\006\314\006\055\000\040\006\251\006\047\006\105\006\104}{section.12}% 46
\BOOKMARK [3][-]{subsubsection.12.2.1}{\376\377\006\105\006\057\006\104\000\040\000A\000N\000O\000V\000A\000\040\006\057\006\110\006\067\006\061\006\101\006\107\000:}{subsection.12.2}% 47
\BOOKMARK [3][-]{subsubsection.12.2.2}{\376\377\006\101\006\061\006\066\006\314\006\107\040\014\006\107\006\047\006\314\000\040\006\102\006\047\006\050\006\104\000\040\006\042\006\062\006\105\006\110\006\106\000:}{subsection.12.2}% 48
\BOOKMARK [3][-]{subsubsection.12.2.3}{\376\377\006\105\006\053\006\047\006\104\000\040\000A\000N\000O\000V\000A\000\040\006\057\006\110\006\067\006\061\006\101\006\107\000:}{subsection.12.2}% 49
\BOOKMARK [2][-]{subsection.12.3}{\376\377\006\050\006\061\006\061\006\063\006\314\000\040\006\105\006\101\006\061\006\110\006\066\006\047\006\052\000\040\000A\000N\000O\000V\000A}{section.12}% 50
\BOOKMARK [3][-]{subsubsection.12.3.1}{\376\377\0001\000.\000\040\006\042\006\062\006\105\006\110\006\106\000\040\006\106\006\061\006\105\006\047\006\104\000\040\006\050\006\110\006\057\006\106}{subsection.12.3}% 51
\BOOKMARK [3][-]{subsubsection.12.3.2}{\376\377\0002\000.\000\040\006\042\006\062\006\105\006\110\006\106\000\040\006\107\006\105\006\257\006\106\006\314\000\040\006\110\006\047\006\061\006\314\006\047\006\106\006\063}{subsection.12.3}% 52
\BOOKMARK [3][-]{subsubsection.12.3.3}{\376\377\0003\000.\000\040\006\050\006\061\006\061\006\063\006\314\000\040\006\047\006\063\006\052\006\102\006\104\006\047\006\104}{subsection.12.3}% 53
\BOOKMARK [1][-]{section.13}{\376\377\006\052\006\055\006\104\006\314\006\104\000\040\006\102\006\057\006\061\006\052\000\040\006\042\006\062\006\105\006\110\006\106\000\040\000\050\000P\000o\000w\000e\000r\000\040\000A\000n\000a\000l\000y\000s\000i\000s\000\051}{}% 54
\BOOKMARK [2][-]{subsection.13.1}{\376\377\006\101\006\047\006\251\006\052\006\110\006\061\006\107\006\047\006\314\000\040\006\105\006\044\006\053\006\061\000\040\006\050\006\061\000\040\006\102\006\057\006\061\006\052\000:}{section.13}% 55
\BOOKMARK [2][-]{subsection.13.2}{\376\377\006\105\006\055\006\047\006\063\006\050\006\107\000\040\006\055\006\054\006\105\000\040\006\106\006\105\006\110\006\106\006\107\000:}{section.13}% 56
\BOOKMARK [1][-]{section.14}{\376\377\000A\000N\000O\000V\000A\000\040\006\072\006\314\006\061\006\176\006\047\006\061\006\047\006\105\006\052\006\061\006\314}{}% 57
\BOOKMARK [2][-]{subsection.14.1}{\376\377\006\042\006\062\006\105\006\110\006\106\000\040\006\251\006\061\006\110\006\063\006\251\006\047\006\104\000-\006\110\006\047\006\104\006\314\006\063}{section.14}% 58
\BOOKMARK [2][-]{subsection.14.2}{\376\377\006\042\006\062\006\105\006\110\006\106\000\040\006\101\006\061\006\314\006\057\006\105\006\106}{section.14}% 59
\BOOKMARK [1][-]{section.15}{\376\377\006\106\006\251\006\047\006\052\000\040\006\071\006\105\006\104\006\314\000\040\006\110\000\040\006\047\006\064\006\052\006\050\006\047\006\107\006\047\006\052\000\040\006\061\006\047\006\314\006\054}{}% 60
\BOOKMARK [2][-]{subsection.15.1}{\376\377\006\047\006\064\006\052\006\050\006\047\006\107\006\047\006\052\000\040\006\061\006\047\006\314\006\054\000:}{section.15}% 61
\BOOKMARK [2][-]{subsection.15.2}{\376\377\006\052\006\110\006\065\006\314\006\107\040\014\006\107\006\047\006\314\000\040\006\071\006\105\006\104\006\314\000:}{section.15}% 62
\BOOKMARK [1][-]{section.16}{\376\377\006\105\006\053\006\047\006\104\000\040\006\054\006\047\006\105\006\071\000\040\000A\000N\000O\000V\000A\000\040\006\057\006\061\000\040\006\176\006\230\006\110\006\107\006\064}{}% 63
\BOOKMARK [2][-]{subsection.16.1}{\376\377\006\063\006\106\006\047\006\061\006\314\006\110\000\040\006\176\006\230\006\110\006\107\006\064\006\314\000:}{section.16}% 64
\BOOKMARK [2][-]{subsection.16.2}{\376\377\006\067\006\061\006\047\006\055\006\314\000\040\006\105\006\067\006\047\006\104\006\071\006\107\000:}{section.16}% 65
\BOOKMARK [2][-]{subsection.16.3}{\376\377\006\106\006\052\006\047\006\314\006\054\000:}{section.16}% 66
\BOOKMARK [2][-]{subsection.16.4}{\376\377\006\106\006\052\006\314\006\054\006\107\040\014\006\257\006\314\006\061\006\314\000:}{section.16}% 67
\BOOKMARK [1][-]{section.17}{\376\377\006\106\006\251\006\047\006\052\000\040\006\105\006\107\006\105}{}% 68
\BOOKMARK [1][-]{section.18}{\376\377\006\054\006\057\006\110\006\104\000\040\006\105\006\102\006\047\006\057\006\314\006\061\000\040\006\050\006\055\006\061\006\047\006\106\006\314\000\040\000F}{}% 69
\BOOKMARK [1][-]{section.19}{\376\377\006\106\006\052\006\314\006\054\006\107\040\014\006\257\006\314\006\061\006\314}{}% 70
\BOOKMARK [1][-]{section.20}{\376\377\006\105\006\106\006\047\006\050\006\071}{}% 71
\BOOKMARK [2][-]{subsection.20.1}{\376\377\006\251\006\052\006\050\000\040\006\042\006\105\006\047\006\061\006\314\000\040\006\251\006\104\006\047\006\063\006\314\006\251\000:}{section.20}% 72
\BOOKMARK [2][-]{subsection.20.2}{\376\377\006\105\006\102\006\047\006\104\006\047\006\052\000\040\006\110\000\040\006\105\006\106\006\047\006\050\006\071\000\040\006\071\006\104\006\105\006\314\000:}{section.20}% 73
