This is XeTeX, Version 3.141592653-2.6-0.999997 (TeX Live 2025) (preloaded format=xelatex 2025.6.23)  12 SEP 2025 00:27
entering extended mode
 \write18 enabled.
 %&-line parsing enabled.
**HW2.tex
(./HW2.tex
LaTeX2e <2024-11-01> patch level 2
L3 programming layer <2025-01-18>
(c:/texlive/2025/texmf-dist/tex/latex/base/article.cls
Document Class: article 2024/06/29 v1.4n Standard LaTeX document class
(c:/texlive/2025/texmf-dist/tex/latex/base/size12.clo
File: size12.clo 2024/06/29 v1.4n Standard LaTeX file (size option)
)
\c@part=\count192
\c@section=\count193
\c@subsection=\count194
\c@subsubsection=\count195
\c@paragraph=\count196
\c@subparagraph=\count197
\c@figure=\count198
\c@table=\count199
\abovecaptionskip=\skip49
\belowcaptionskip=\skip50
\bibindent=\dimen141
)
(c:/texlive/2025/texmf-dist/tex/latex/geometry/geometry.sty
Package: geometry 2020/01/02 v5.9 Page Geometry

(c:/texlive/2025/texmf-dist/tex/latex/graphics/keyval.sty
Package: keyval 2022/05/29 v1.15 key=value parser (DPC)
\KV@toks@=\toks17
)
(c:/texlive/2025/texmf-dist/tex/generic/iftex/ifvtex.sty
Package: ifvtex 2019/10/25 v1.7 ifvtex legacy package. Use iftex instead.

(c:/texlive/2025/texmf-dist/tex/generic/iftex/iftex.sty
Package: iftex 2024/12/12 v1.0g TeX engine tests
))
\Gm@cnth=\count266
\Gm@cntv=\count267
\c@Gm@tempcnt=\count268
\Gm@bindingoffset=\dimen142
\Gm@wd@mp=\dimen143
\Gm@odd@mp=\dimen144
\Gm@even@mp=\dimen145
\Gm@layoutwidth=\dimen146
\Gm@layoutheight=\dimen147
\Gm@layouthoffset=\dimen148
\Gm@layoutvoffset=\dimen149
\Gm@dimlist=\toks18
)
(c:/texlive/2025/texmf-dist/tex/latex/xcolor/xcolor.sty
Package: xcolor 2024/09/29 v3.02 LaTeX color extensions (UK)

(c:/texlive/2025/texmf-dist/tex/latex/graphics-cfg/color.cfg
File: color.cfg 2016/01/02 v1.6 sample color configuration
)
Package xcolor Info: Driver file: xetex.def on input line 274.

(c:/texlive/2025/texmf-dist/tex/latex/graphics-def/xetex.def
File: xetex.def 2022/09/22 v5.0n Graphics/color driver for xetex
)
(c:/texlive/2025/texmf-dist/tex/latex/graphics/mathcolor.ltx)
Package xcolor Info: Model `cmy' substituted by `cmy0' on input line 1349.
Package xcolor Info: Model `RGB' extended on input line 1365.
Package xcolor Info: Model `HTML' substituted by `rgb' on input line 1367.
Package xcolor Info: Model `Hsb' substituted by `hsb' on input line 1368.
Package xcolor Info: Model `tHsb' substituted by `hsb' on input line 1369.
Package xcolor Info: Model `HSB' substituted by `hsb' on input line 1370.
Package xcolor Info: Model `Gray' substituted by `gray' on input line 1371.
Package xcolor Info: Model `wave' substituted by `hsb' on input line 1372.
)
(c:/texlive/2025/texmf-dist/tex/latex/amsmath/amsmath.sty
Package: amsmath 2024/11/05 v2.17t AMS math features
\@mathmargin=\skip51

For additional information on amsmath, use the `?' option.
(c:/texlive/2025/texmf-dist/tex/latex/amsmath/amstext.sty
Package: amstext 2021/08/26 v2.01 AMS text

(c:/texlive/2025/texmf-dist/tex/latex/amsmath/amsgen.sty
File: amsgen.sty 1999/11/30 v2.0 generic functions
\@emptytoks=\toks19
\ex@=\dimen150
))
(c:/texlive/2025/texmf-dist/tex/latex/amsmath/amsbsy.sty
Package: amsbsy 1999/11/29 v1.2d Bold Symbols
\pmbraise@=\dimen151
)
(c:/texlive/2025/texmf-dist/tex/latex/amsmath/amsopn.sty
Package: amsopn 2022/04/08 v2.04 operator names
)
\inf@bad=\count269
LaTeX Info: Redefining \frac on input line 233.
\uproot@=\count270
\leftroot@=\count271
LaTeX Info: Redefining \overline on input line 398.
LaTeX Info: Redefining \colon on input line 409.
\classnum@=\count272
\DOTSCASE@=\count273
LaTeX Info: Redefining \ldots on input line 495.
LaTeX Info: Redefining \dots on input line 498.
LaTeX Info: Redefining \cdots on input line 619.
\Mathstrutbox@=\box52
\strutbox@=\box53
LaTeX Info: Redefining \big on input line 721.
LaTeX Info: Redefining \Big on input line 722.
LaTeX Info: Redefining \bigg on input line 723.
LaTeX Info: Redefining \Bigg on input line 724.
\big@size=\dimen152
LaTeX Font Info:    Redeclaring font encoding OML on input line 742.
LaTeX Font Info:    Redeclaring font encoding OMS on input line 743.
\macc@depth=\count274
LaTeX Info: Redefining \bmod on input line 904.
LaTeX Info: Redefining \pmod on input line 909.
LaTeX Info: Redefining \smash on input line 939.
LaTeX Info: Redefining \relbar on input line 969.
LaTeX Info: Redefining \Relbar on input line 970.
\c@MaxMatrixCols=\count275
\dotsspace@=\muskip17
\c@parentequation=\count276
\dspbrk@lvl=\count277
\tag@help=\toks20
\row@=\count278
\column@=\count279
\maxfields@=\count280
\andhelp@=\toks21
\eqnshift@=\dimen153
\alignsep@=\dimen154
\tagshift@=\dimen155
\tagwidth@=\dimen156
\totwidth@=\dimen157
\lineht@=\dimen158
\@envbody=\toks22
\multlinegap=\skip52
\multlinetaggap=\skip53
\mathdisplay@stack=\toks23
LaTeX Info: Redefining \[ on input line 2953.
LaTeX Info: Redefining \] on input line 2954.
)
(c:/texlive/2025/texmf-dist/tex/latex/amsfonts/amsfonts.sty
Package: amsfonts 2013/01/14 v3.01 Basic AMSFonts support
\symAMSa=\mathgroup4
\symAMSb=\mathgroup5
LaTeX Font Info:    Redeclaring math symbol \hbar on input line 98.
LaTeX Font Info:    Overwriting math alphabet `\mathfrak' in version `bold'
(Font)                  U/euf/m/n --> U/euf/b/n on input line 106.
)
(c:/texlive/2025/texmf-dist/tex/latex/graphics/graphicx.sty
Package: graphicx 2021/09/16 v1.2d Enhanced LaTeX Graphics (DPC,SPQR)

(c:/texlive/2025/texmf-dist/tex/latex/graphics/graphics.sty
Package: graphics 2024/08/06 v1.4g Standard LaTeX Graphics (DPC,SPQR)

(c:/texlive/2025/texmf-dist/tex/latex/graphics/trig.sty
Package: trig 2023/12/02 v1.11 sin cos tan (DPC)
)
(c:/texlive/2025/texmf-dist/tex/latex/graphics-cfg/graphics.cfg
File: graphics.cfg 2016/06/04 v1.11 sample graphics configuration
)
Package graphics Info: Driver file: xetex.def on input line 106.
)
\Gin@req@height=\dimen159
\Gin@req@width=\dimen160
)
(c:/texlive/2025/texmf-dist/tex/latex/pgfplots/pgfplots.sty
(c:/texlive/2025/texmf-dist/tex/generic/pgfplots/pgfplots.revision.tex)
Package: pgfplots 2021/05/15 v1.18.1 Data Visualization (1.18.1)

(c:/texlive/2025/texmf-dist/tex/latex/pgf/frontendlayer/tikz.sty
(c:/texlive/2025/texmf-dist/tex/latex/pgf/basiclayer/pgf.sty
(c:/texlive/2025/texmf-dist/tex/latex/pgf/utilities/pgfrcs.sty
(c:/texlive/2025/texmf-dist/tex/generic/pgf/utilities/pgfutil-common.tex
\pgfutil@everybye=\toks24
\pgfutil@tempdima=\dimen161
\pgfutil@tempdimb=\dimen162
)
(c:/texlive/2025/texmf-dist/tex/generic/pgf/utilities/pgfutil-latex.def
\pgfutil@abb=\box54
)
(c:/texlive/2025/texmf-dist/tex/generic/pgf/utilities/pgfrcs.code.tex
(c:/texlive/2025/texmf-dist/tex/generic/pgf/pgf.revision.tex)
Package: pgfrcs 2023-01-15 v3.1.10 (3.1.10)
))
Package: pgf 2023-01-15 v3.1.10 (3.1.10)

(c:/texlive/2025/texmf-dist/tex/latex/pgf/basiclayer/pgfcore.sty
(c:/texlive/2025/texmf-dist/tex/latex/pgf/systemlayer/pgfsys.sty
(c:/texlive/2025/texmf-dist/tex/generic/pgf/systemlayer/pgfsys.code.tex
Package: pgfsys 2023-01-15 v3.1.10 (3.1.10)

(c:/texlive/2025/texmf-dist/tex/generic/pgf/utilities/pgfkeys.code.tex
\pgfkeys@pathtoks=\toks25
\pgfkeys@temptoks=\toks26

(c:/texlive/2025/texmf-dist/tex/generic/pgf/utilities/pgfkeyslibraryfiltered.co
de.tex
\pgfkeys@tmptoks=\toks27
))
\pgf@x=\dimen163
\pgf@y=\dimen164
\pgf@xa=\dimen165
\pgf@ya=\dimen166
\pgf@xb=\dimen167
\pgf@yb=\dimen168
\pgf@xc=\dimen169
\pgf@yc=\dimen170
\pgf@xd=\dimen171
\pgf@yd=\dimen172
\w@pgf@writea=\write3
\r@pgf@reada=\read2
\c@pgf@counta=\count281
\c@pgf@countb=\count282
\c@pgf@countc=\count283
\c@pgf@countd=\count284
\t@pgf@toka=\toks28
\t@pgf@tokb=\toks29
\t@pgf@tokc=\toks30
\pgf@sys@id@count=\count285
 (c:/texlive/2025/texmf-dist/tex/generic/pgf/systemlayer/pgf.cfg
File: pgf.cfg 2023-01-15 v3.1.10 (3.1.10)
)
Driver file for pgf: pgfsys-xetex.def

(c:/texlive/2025/texmf-dist/tex/generic/pgf/systemlayer/pgfsys-xetex.def
File: pgfsys-xetex.def 2023-01-15 v3.1.10 (3.1.10)

(c:/texlive/2025/texmf-dist/tex/generic/pgf/systemlayer/pgfsys-dvipdfmx.def
File: pgfsys-dvipdfmx.def 2023-01-15 v3.1.10 (3.1.10)

(c:/texlive/2025/texmf-dist/tex/generic/pgf/systemlayer/pgfsys-common-pdf.def
File: pgfsys-common-pdf.def 2023-01-15 v3.1.10 (3.1.10)
)
\pgfsys@objnum=\count286
)))
(c:/texlive/2025/texmf-dist/tex/generic/pgf/systemlayer/pgfsyssoftpath.code.tex
File: pgfsyssoftpath.code.tex 2023-01-15 v3.1.10 (3.1.10)
\pgfsyssoftpath@smallbuffer@items=\count287
\pgfsyssoftpath@bigbuffer@items=\count288
)
(c:/texlive/2025/texmf-dist/tex/generic/pgf/systemlayer/pgfsysprotocol.code.tex
File: pgfsysprotocol.code.tex 2023-01-15 v3.1.10 (3.1.10)
)) (c:/texlive/2025/texmf-dist/tex/generic/pgf/basiclayer/pgfcore.code.tex
Package: pgfcore 2023-01-15 v3.1.10 (3.1.10)

(c:/texlive/2025/texmf-dist/tex/generic/pgf/math/pgfmath.code.tex
(c:/texlive/2025/texmf-dist/tex/generic/pgf/math/pgfmathutil.code.tex)
(c:/texlive/2025/texmf-dist/tex/generic/pgf/math/pgfmathparser.code.tex
\pgfmath@dimen=\dimen173
\pgfmath@count=\count289
\pgfmath@box=\box55
\pgfmath@toks=\toks31
\pgfmath@stack@operand=\toks32
\pgfmath@stack@operation=\toks33
)
(c:/texlive/2025/texmf-dist/tex/generic/pgf/math/pgfmathfunctions.code.tex)
(c:/texlive/2025/texmf-dist/tex/generic/pgf/math/pgfmathfunctions.basic.code.te
x)
(c:/texlive/2025/texmf-dist/tex/generic/pgf/math/pgfmathfunctions.trigonometric
.code.tex)
(c:/texlive/2025/texmf-dist/tex/generic/pgf/math/pgfmathfunctions.random.code.t
ex)
(c:/texlive/2025/texmf-dist/tex/generic/pgf/math/pgfmathfunctions.comparison.co
de.tex)
(c:/texlive/2025/texmf-dist/tex/generic/pgf/math/pgfmathfunctions.base.code.tex
)
(c:/texlive/2025/texmf-dist/tex/generic/pgf/math/pgfmathfunctions.round.code.te
x)
(c:/texlive/2025/texmf-dist/tex/generic/pgf/math/pgfmathfunctions.misc.code.tex
)
(c:/texlive/2025/texmf-dist/tex/generic/pgf/math/pgfmathfunctions.integerarithm
etics.code.tex)
(c:/texlive/2025/texmf-dist/tex/generic/pgf/math/pgfmathcalc.code.tex)
(c:/texlive/2025/texmf-dist/tex/generic/pgf/math/pgfmathfloat.code.tex
\c@pgfmathroundto@lastzeros=\count290
))
(c:/texlive/2025/texmf-dist/tex/generic/pgf/math/pgfint.code.tex)
(c:/texlive/2025/texmf-dist/tex/generic/pgf/basiclayer/pgfcorepoints.code.tex
File: pgfcorepoints.code.tex 2023-01-15 v3.1.10 (3.1.10)
\pgf@picminx=\dimen174
\pgf@picmaxx=\dimen175
\pgf@picminy=\dimen176
\pgf@picmaxy=\dimen177
\pgf@pathminx=\dimen178
\pgf@pathmaxx=\dimen179
\pgf@pathminy=\dimen180
\pgf@pathmaxy=\dimen181
\pgf@xx=\dimen182
\pgf@xy=\dimen183
\pgf@yx=\dimen184
\pgf@yy=\dimen185
\pgf@zx=\dimen186
\pgf@zy=\dimen187
)
(c:/texlive/2025/texmf-dist/tex/generic/pgf/basiclayer/pgfcorepathconstruct.cod
e.tex
File: pgfcorepathconstruct.code.tex 2023-01-15 v3.1.10 (3.1.10)
\pgf@path@lastx=\dimen188
\pgf@path@lasty=\dimen189
)
(c:/texlive/2025/texmf-dist/tex/generic/pgf/basiclayer/pgfcorepathusage.code.te
x
File: pgfcorepathusage.code.tex 2023-01-15 v3.1.10 (3.1.10)
\pgf@shorten@end@additional=\dimen190
\pgf@shorten@start@additional=\dimen191
)
(c:/texlive/2025/texmf-dist/tex/generic/pgf/basiclayer/pgfcorescopes.code.tex
File: pgfcorescopes.code.tex 2023-01-15 v3.1.10 (3.1.10)
\pgfpic=\box56
\pgf@hbox=\box57
\pgf@layerbox@main=\box58
\pgf@picture@serial@count=\count291
)
(c:/texlive/2025/texmf-dist/tex/generic/pgf/basiclayer/pgfcoregraphicstate.code
.tex
File: pgfcoregraphicstate.code.tex 2023-01-15 v3.1.10 (3.1.10)
\pgflinewidth=\dimen192
)
(c:/texlive/2025/texmf-dist/tex/generic/pgf/basiclayer/pgfcoretransformations.c
ode.tex
File: pgfcoretransformations.code.tex 2023-01-15 v3.1.10 (3.1.10)
\pgf@pt@x=\dimen193
\pgf@pt@y=\dimen194
\pgf@pt@temp=\dimen195
)
(c:/texlive/2025/texmf-dist/tex/generic/pgf/basiclayer/pgfcorequick.code.tex
File: pgfcorequick.code.tex 2023-01-15 v3.1.10 (3.1.10)
)
(c:/texlive/2025/texmf-dist/tex/generic/pgf/basiclayer/pgfcoreobjects.code.tex
File: pgfcoreobjects.code.tex 2023-01-15 v3.1.10 (3.1.10)
)
(c:/texlive/2025/texmf-dist/tex/generic/pgf/basiclayer/pgfcorepathprocessing.co
de.tex
File: pgfcorepathprocessing.code.tex 2023-01-15 v3.1.10 (3.1.10)
)
(c:/texlive/2025/texmf-dist/tex/generic/pgf/basiclayer/pgfcorearrows.code.tex
File: pgfcorearrows.code.tex 2023-01-15 v3.1.10 (3.1.10)
\pgfarrowsep=\dimen196
)
(c:/texlive/2025/texmf-dist/tex/generic/pgf/basiclayer/pgfcoreshade.code.tex
File: pgfcoreshade.code.tex 2023-01-15 v3.1.10 (3.1.10)
\pgf@max=\dimen197
\pgf@sys@shading@range@num=\count292
\pgf@shadingcount=\count293
)
(c:/texlive/2025/texmf-dist/tex/generic/pgf/basiclayer/pgfcoreimage.code.tex
File: pgfcoreimage.code.tex 2023-01-15 v3.1.10 (3.1.10)
)
(c:/texlive/2025/texmf-dist/tex/generic/pgf/basiclayer/pgfcoreexternal.code.tex
File: pgfcoreexternal.code.tex 2023-01-15 v3.1.10 (3.1.10)
\pgfexternal@startupbox=\box59
) (c:/texlive/2025/texmf-dist/tex/generic/pgf/basiclayer/pgfcorelayers.code.tex
File: pgfcorelayers.code.tex 2023-01-15 v3.1.10 (3.1.10)
)
(c:/texlive/2025/texmf-dist/tex/generic/pgf/basiclayer/pgfcoretransparency.code
.tex
File: pgfcoretransparency.code.tex 2023-01-15 v3.1.10 (3.1.10)
)
(c:/texlive/2025/texmf-dist/tex/generic/pgf/basiclayer/pgfcorepatterns.code.tex
File: pgfcorepatterns.code.tex 2023-01-15 v3.1.10 (3.1.10)
) (c:/texlive/2025/texmf-dist/tex/generic/pgf/basiclayer/pgfcorerdf.code.tex
File: pgfcorerdf.code.tex 2023-01-15 v3.1.10 (3.1.10)
))) (c:/texlive/2025/texmf-dist/tex/generic/pgf/modules/pgfmoduleshapes.code.te
x
File: pgfmoduleshapes.code.tex 2023-01-15 v3.1.10 (3.1.10)
\pgfnodeparttextbox=\box60
)
(c:/texlive/2025/texmf-dist/tex/generic/pgf/modules/pgfmoduleplot.code.tex
File: pgfmoduleplot.code.tex 2023-01-15 v3.1.10 (3.1.10)
)
(c:/texlive/2025/texmf-dist/tex/latex/pgf/compatibility/pgfcomp-version-0-65.st
y
Package: pgfcomp-version-0-65 2023-01-15 v3.1.10 (3.1.10)
\pgf@nodesepstart=\dimen198
\pgf@nodesepend=\dimen199
)
(c:/texlive/2025/texmf-dist/tex/latex/pgf/compatibility/pgfcomp-version-1-18.st
y
Package: pgfcomp-version-1-18 2023-01-15 v3.1.10 (3.1.10)
)) (c:/texlive/2025/texmf-dist/tex/latex/pgf/utilities/pgffor.sty
(c:/texlive/2025/texmf-dist/tex/latex/pgf/utilities/pgfkeys.sty
(c:/texlive/2025/texmf-dist/tex/generic/pgf/utilities/pgfkeys.code.tex))
(c:/texlive/2025/texmf-dist/tex/latex/pgf/math/pgfmath.sty
(c:/texlive/2025/texmf-dist/tex/generic/pgf/math/pgfmath.code.tex))
(c:/texlive/2025/texmf-dist/tex/generic/pgf/utilities/pgffor.code.tex
Package: pgffor 2023-01-15 v3.1.10 (3.1.10)
\pgffor@iter=\dimen256
\pgffor@skip=\dimen257
\pgffor@stack=\toks34
\pgffor@toks=\toks35
))
(c:/texlive/2025/texmf-dist/tex/generic/pgf/frontendlayer/tikz/tikz.code.tex
Package: tikz 2023-01-15 v3.1.10 (3.1.10)

(c:/texlive/2025/texmf-dist/tex/generic/pgf/libraries/pgflibraryplothandlers.co
de.tex
File: pgflibraryplothandlers.code.tex 2023-01-15 v3.1.10 (3.1.10)
\pgf@plot@mark@count=\count294
\pgfplotmarksize=\dimen258
)
\tikz@lastx=\dimen259
\tikz@lasty=\dimen260
\tikz@lastxsaved=\dimen261
\tikz@lastysaved=\dimen262
\tikz@lastmovetox=\dimen263
\tikz@lastmovetoy=\dimen264
\tikzleveldistance=\dimen265
\tikzsiblingdistance=\dimen266
\tikz@figbox=\box61
\tikz@figbox@bg=\box62
\tikz@tempbox=\box63
\tikz@tempbox@bg=\box64
\tikztreelevel=\count295
\tikznumberofchildren=\count296
\tikznumberofcurrentchild=\count297
\tikz@fig@count=\count298

(c:/texlive/2025/texmf-dist/tex/generic/pgf/modules/pgfmodulematrix.code.tex
File: pgfmodulematrix.code.tex 2023-01-15 v3.1.10 (3.1.10)
\pgfmatrixcurrentrow=\count299
\pgfmatrixcurrentcolumn=\count300
\pgf@matrix@numberofcolumns=\count301
)
\tikz@expandcount=\count302

(c:/texlive/2025/texmf-dist/tex/generic/pgf/frontendlayer/tikz/libraries/tikzli
brarytopaths.code.tex
File: tikzlibrarytopaths.code.tex 2023-01-15 v3.1.10 (3.1.10)
)))
(c:/texlive/2025/texmf-dist/tex/generic/pgfplots/pgfplots.code.tex
(c:/texlive/2025/texmf-dist/tex/generic/pgfplots/pgfplotscore.code.tex
\t@pgfplots@toka=\toks36
\t@pgfplots@tokb=\toks37
\t@pgfplots@tokc=\toks38
\pgfplots@tmpa=\dimen267
\c@pgfplots@coordindex=\count303
\c@pgfplots@scanlineindex=\count304

(c:/texlive/2025/texmf-dist/tex/generic/pgfplots/sys/pgfplotssysgeneric.code.te
x))
(c:/texlive/2025/texmf-dist/tex/generic/pgfplots/libs/pgfplotslibrary.code.tex)

(c:/texlive/2025/texmf-dist/tex/generic/pgfplots/oldpgfcompatib/pgfplotsoldpgfs
upp_loader.code.tex
(c:/texlive/2025/texmf-dist/tex/generic/pgf/libraries/pgflibraryfpu.code.tex)
Package pgfplots: loading complementary utilities for your pgf version...
\t@pgf@toka=\toks39
\t@pgf@tokb=\toks40
\t@pgf@tokc=\toks41

(c:/texlive/2025/texmf-dist/tex/generic/pgfplots/oldpgfcompatib/pgfplotsoldpgfs
upp_pgfutil-common-lists.tex))
(c:/texlive/2025/texmf-dist/tex/generic/pgfplots/util/pgfplotsutil.code.tex
(c:/texlive/2025/texmf-dist/tex/generic/pgfplots/liststructure/pgfplotsliststru
cture.code.tex)
(c:/texlive/2025/texmf-dist/tex/generic/pgfplots/liststructure/pgfplotsliststru
ctureext.code.tex)
(c:/texlive/2025/texmf-dist/tex/generic/pgfplots/liststructure/pgfplotsarray.co
de.tex
\c@pgfplotsarray@tmp=\count305
)
(c:/texlive/2025/texmf-dist/tex/generic/pgfplots/liststructure/pgfplotsmatrix.c
ode.tex)
(c:/texlive/2025/texmf-dist/tex/generic/pgfplots/numtable/pgfplotstableshared.c
ode.tex
\c@pgfplotstable@counta=\count306
\t@pgfplotstable@a=\toks42
)
(c:/texlive/2025/texmf-dist/tex/generic/pgfplots/liststructure/pgfplotsdeque.co
de.tex)
(c:/texlive/2025/texmf-dist/tex/generic/pgfplots/util/pgfplotsbinary.code.tex
(c:/texlive/2025/texmf-dist/tex/generic/pgfplots/util/pgfplotsbinary.data.code.
tex))
(c:/texlive/2025/texmf-dist/tex/generic/pgfplots/util/pgfplotsutil.verb.code.te
x)
(c:/texlive/2025/texmf-dist/tex/generic/pgfplots/libs/pgflibrarypgfplots.surfsh
ading.code.tex
\c@pgfplotslibrarysurf@no=\count307

(c:/texlive/2025/texmf-dist/tex/generic/pgfplots/sys/pgflibrarypgfplots.surfsha
ding.pgfsys-xetex.def
(c:/texlive/2025/texmf-dist/tex/generic/pgfplots/sys/pgflibrarypgfplots.surfsha
ding.pgfsys-dvipdfmx.def
\c@pgfplotslibrarysurf@streamlen=\count308
))))
(c:/texlive/2025/texmf-dist/tex/generic/pgfplots/util/pgfplotscolormap.code.tex
(c:/texlive/2025/texmf-dist/tex/generic/pgfplots/util/pgfplotscolor.code.tex))
(c:/texlive/2025/texmf-dist/tex/generic/pgfplots/pgfplotsstackedplots.code.tex)
(c:/texlive/2025/texmf-dist/tex/generic/pgfplots/pgfplotsplothandlers.code.tex
(c:/texlive/2025/texmf-dist/tex/generic/pgfplots/pgfplotsmeshplothandler.code.t
ex
(c:/texlive/2025/texmf-dist/tex/generic/pgfplots/pgfplotsmeshplotimage.code.tex
))) (c:/texlive/2025/texmf-dist/tex/generic/pgfplots/pgfplots.scaling.code.tex)

(c:/texlive/2025/texmf-dist/tex/generic/pgfplots/pgfplotscoordprocessing.code.t
ex)
(c:/texlive/2025/texmf-dist/tex/generic/pgfplots/pgfplots.errorbars.code.tex)
(c:/texlive/2025/texmf-dist/tex/generic/pgfplots/pgfplots.markers.code.tex)
(c:/texlive/2025/texmf-dist/tex/generic/pgfplots/pgfplotsticks.code.tex)
(c:/texlive/2025/texmf-dist/tex/generic/pgfplots/pgfplots.paths.code.tex)
(c:/texlive/2025/texmf-dist/tex/generic/pgf/frontendlayer/tikz/libraries/tikzli
brarydecorations.code.tex
(c:/texlive/2025/texmf-dist/tex/generic/pgf/modules/pgfmoduledecorations.code.t
ex
\pgfdecoratedcompleteddistance=\dimen268
\pgfdecoratedremainingdistance=\dimen269
\pgfdecoratedinputsegmentcompleteddistance=\dimen270
\pgfdecoratedinputsegmentremainingdistance=\dimen271
\pgf@decorate@distancetomove=\dimen272
\pgf@decorate@repeatstate=\count309
\pgfdecorationsegmentamplitude=\dimen273
\pgfdecorationsegmentlength=\dimen274
)
\tikz@lib@dec@box=\box65
)
(c:/texlive/2025/texmf-dist/tex/generic/pgf/frontendlayer/tikz/libraries/tikzli
brarydecorations.pathmorphing.code.tex
(c:/texlive/2025/texmf-dist/tex/generic/pgf/libraries/decorations/pgflibrarydec
orations.pathmorphing.code.tex))
(c:/texlive/2025/texmf-dist/tex/generic/pgf/frontendlayer/tikz/libraries/tikzli
brarydecorations.pathreplacing.code.tex
(c:/texlive/2025/texmf-dist/tex/generic/pgf/libraries/decorations/pgflibrarydec
orations.pathreplacing.code.tex))
(c:/texlive/2025/texmf-dist/tex/generic/pgfplots/libs/tikzlibrarypgfplots.conto
urlua.code.tex)
\pgfplots@numplots=\count310
\pgfplots@xmin@reg=\dimen275
\pgfplots@xmax@reg=\dimen276
\pgfplots@ymin@reg=\dimen277
\pgfplots@ymax@reg=\dimen278
\pgfplots@zmin@reg=\dimen279
\pgfplots@zmax@reg=\dimen280
)
(c:/texlive/2025/texmf-dist/tex/generic/pgf/frontendlayer/tikz/libraries/tikzli
braryplotmarks.code.tex
File: tikzlibraryplotmarks.code.tex 2023-01-15 v3.1.10 (3.1.10)

(c:/texlive/2025/texmf-dist/tex/generic/pgf/libraries/pgflibraryplotmarks.code.
tex
File: pgflibraryplotmarks.code.tex 2023-01-15 v3.1.10 (3.1.10)
))) (c:/texlive/2025/texmf-dist/tex/latex/booktabs/booktabs.sty
Package: booktabs 2020/01/12 v1.61803398 Publication quality tables
\heavyrulewidth=\dimen281
\lightrulewidth=\dimen282
\cmidrulewidth=\dimen283
\belowrulesep=\dimen284
\belowbottomsep=\dimen285
\aboverulesep=\dimen286
\abovetopsep=\dimen287
\cmidrulesep=\dimen288
\cmidrulekern=\dimen289
\defaultaddspace=\dimen290
\@cmidla=\count311
\@cmidlb=\count312
\@aboverulesep=\dimen291
\@belowrulesep=\dimen292
\@thisruleclass=\count313
\@lastruleclass=\count314
\@thisrulewidth=\dimen293
)
(c:/texlive/2025/texmf-dist/tex/latex/tools/longtable.sty
Package: longtable 2024-10-27 v4.22 Multi-page Table package (DPC)
\LTleft=\skip54
\LTright=\skip55
\LTpre=\skip56
\LTpost=\skip57
\LTchunksize=\count315
\LTcapwidth=\dimen294
\LT@head=\box66
\LT@firsthead=\box67
\LT@foot=\box68
\LT@lastfoot=\box69
\LT@gbox=\box70
\LT@cols=\count316
\LT@rows=\count317
\c@LT@tables=\count318
\c@LT@chunks=\count319
\LT@p@ftn=\toks43
)
(c:/texlive/2025/texmf-dist/tex/latex/tools/array.sty
Package: array 2024/10/17 v2.6g Tabular extension package (FMi)
\col@sep=\dimen295
\ar@mcellbox=\box71
\extrarowheight=\dimen296
\NC@list=\toks44
\extratabsurround=\skip58
\backup@length=\skip59
\ar@cellbox=\box72
)
(c:/texlive/2025/texmf-dist/tex/latex/fancyhdr/fancyhdr.sty
Package: fancyhdr 2025/02/07 v5.2 Extensive control of page headers and footers

\f@nch@headwidth=\skip60
\f@nch@offset@elh=\skip61
\f@nch@offset@erh=\skip62
\f@nch@offset@olh=\skip63
\f@nch@offset@orh=\skip64
\f@nch@offset@elf=\skip65
\f@nch@offset@erf=\skip66
\f@nch@offset@olf=\skip67
\f@nch@offset@orf=\skip68
\f@nch@height=\skip69
\f@nch@footalignment=\skip70
\f@nch@widthL=\skip71
\f@nch@widthC=\skip72
\f@nch@widthR=\skip73
\@temptokenb=\toks45
)
(c:/texlive/2025/texmf-dist/tex/latex/titlesec/titlesec.sty
Package: titlesec 2025/01/04 v2.17 Sectioning titles
\ttl@box=\box73
\beforetitleunit=\skip74
\aftertitleunit=\skip75
\ttl@plus=\dimen297
\ttl@minus=\dimen298
\ttl@toksa=\toks46
\titlewidth=\dimen299
\titlewidthlast=\dimen300
\titlewidthfirst=\dimen301
)
(c:/texlive/2025/texmf-dist/tex/latex/tcolorbox/tcolorbox.sty
Package: tcolorbox 2024/10/22 version 6.4.1 text color boxes

(c:/texlive/2025/texmf-dist/tex/latex/tools/verbatim.sty
Package: verbatim 2024-01-22 v1.5x LaTeX2e package for verbatim enhancements
\every@verbatim=\toks47
\verbatim@line=\toks48
\verbatim@in@stream=\read3
)
(c:/texlive/2025/texmf-dist/tex/latex/environ/environ.sty
Package: environ 2014/05/04 v0.3 A new way to define environments

(c:/texlive/2025/texmf-dist/tex/latex/trimspaces/trimspaces.sty
Package: trimspaces 2009/09/17 v1.1 Trim spaces around a token list
))
(c:/texlive/2025/texmf-dist/tex/latex/etoolbox/etoolbox.sty
Package: etoolbox 2025/02/11 v2.5l e-TeX tools for LaTeX (JAW)
\etb@tempcnta=\count320
)
\tcb@titlebox=\box74
\tcb@upperbox=\box75
\tcb@lowerbox=\box76
\tcb@phantombox=\box77
\c@tcbbreakpart=\count321
\c@tcblayer=\count322
\c@tcolorbox@number=\count323
\l__tcobox_tmpa_box=\box78
\l__tcobox_tmpa_dim=\dimen302
\tcb@temp=\box79
\tcb@temp=\box80
\tcb@temp=\box81
\tcb@temp=\box82
)
(c:/texlive/2025/texmf-dist/tex/latex/hyperref/hyperref.sty
Package: hyperref 2024-11-05 v7.01l Hypertext links for LaTeX

(c:/texlive/2025/texmf-dist/tex/latex/kvsetkeys/kvsetkeys.sty
Package: kvsetkeys 2022-10-05 v1.19 Key value parser (HO)
)
(c:/texlive/2025/texmf-dist/tex/generic/kvdefinekeys/kvdefinekeys.sty
Package: kvdefinekeys 2019-12-19 v1.6 Define keys (HO)
)
(c:/texlive/2025/texmf-dist/tex/generic/pdfescape/pdfescape.sty
Package: pdfescape 2019/12/09 v1.15 Implements pdfTeX's escape features (HO)

(c:/texlive/2025/texmf-dist/tex/generic/ltxcmds/ltxcmds.sty
Package: ltxcmds 2023-12-04 v1.26 LaTeX kernel commands for general use (HO)
)
(c:/texlive/2025/texmf-dist/tex/generic/pdftexcmds/pdftexcmds.sty
Package: pdftexcmds 2020-06-27 v0.33 Utility functions of pdfTeX for LuaTeX (HO
)

(c:/texlive/2025/texmf-dist/tex/generic/infwarerr/infwarerr.sty
Package: infwarerr 2019/12/03 v1.5 Providing info/warning/error messages (HO)
)
Package pdftexcmds Info: \pdf@primitive is available.
Package pdftexcmds Info: \pdf@ifprimitive is available.
Package pdftexcmds Info: \pdfdraftmode not found.
))
(c:/texlive/2025/texmf-dist/tex/latex/hycolor/hycolor.sty
Package: hycolor 2020-01-27 v1.10 Color options for hyperref/bookmark (HO)
)
(c:/texlive/2025/texmf-dist/tex/latex/hyperref/nameref.sty
Package: nameref 2023-11-26 v2.56 Cross-referencing by name of section

(c:/texlive/2025/texmf-dist/tex/latex/refcount/refcount.sty
Package: refcount 2019/12/15 v3.6 Data extraction from label references (HO)
)
(c:/texlive/2025/texmf-dist/tex/generic/gettitlestring/gettitlestring.sty
Package: gettitlestring 2019/12/15 v1.6 Cleanup title references (HO)

(c:/texlive/2025/texmf-dist/tex/latex/kvoptions/kvoptions.sty
Package: kvoptions 2022-06-15 v3.15 Key value format for package options (HO)
))
\c@section@level=\count324
)
(c:/texlive/2025/texmf-dist/tex/generic/stringenc/stringenc.sty
Package: stringenc 2019/11/29 v1.12 Convert strings between diff. encodings (HO
)
)
\@linkdim=\dimen303
\Hy@linkcounter=\count325
\Hy@pagecounter=\count326

(c:/texlive/2025/texmf-dist/tex/latex/hyperref/pd1enc.def
File: pd1enc.def 2024-11-05 v7.01l Hyperref: PDFDocEncoding definition (HO)
)
(c:/texlive/2025/texmf-dist/tex/generic/intcalc/intcalc.sty
Package: intcalc 2019/12/15 v1.3 Expandable calculations with integers (HO)
)
\Hy@SavedSpaceFactor=\count327

(c:/texlive/2025/texmf-dist/tex/latex/hyperref/puenc.def
File: puenc.def 2024-11-05 v7.01l Hyperref: PDF Unicode definition (HO)
)
Package hyperref Info: Hyper figures OFF on input line 4157.
Package hyperref Info: Link nesting OFF on input line 4162.
Package hyperref Info: Hyper index ON on input line 4165.
Package hyperref Info: Plain pages OFF on input line 4172.
Package hyperref Info: Backreferencing OFF on input line 4177.
Package hyperref Info: Implicit mode ON; LaTeX internals redefined.
Package hyperref Info: Bookmarks ON on input line 4424.
\c@Hy@tempcnt=\count328

(c:/texlive/2025/texmf-dist/tex/latex/url/url.sty
\Urlmuskip=\muskip18
Package: url 2013/09/16  ver 3.4  Verb mode for urls, etc.
)
LaTeX Info: Redefining \url on input line 4763.
\XeTeXLinkMargin=\dimen304

(c:/texlive/2025/texmf-dist/tex/generic/bitset/bitset.sty
Package: bitset 2019/12/09 v1.3 Handle bit-vector datatype (HO)

(c:/texlive/2025/texmf-dist/tex/generic/bigintcalc/bigintcalc.sty
Package: bigintcalc 2019/12/15 v1.5 Expandable calculations on big integers (HO
)
))
\Fld@menulength=\count329
\Field@Width=\dimen305
\Fld@charsize=\dimen306
Package hyperref Info: Hyper figures OFF on input line 6042.
Package hyperref Info: Link nesting OFF on input line 6047.
Package hyperref Info: Hyper index ON on input line 6050.
Package hyperref Info: backreferencing OFF on input line 6057.
Package hyperref Info: Link coloring OFF on input line 6062.
Package hyperref Info: Link coloring with OCG OFF on input line 6067.
Package hyperref Info: PDF/A mode OFF on input line 6072.

(c:/texlive/2025/texmf-dist/tex/latex/base/atbegshi-ltx.sty
Package: atbegshi-ltx 2021/01/10 v1.0c Emulation of the original atbegshi
package with kernel methods
)
\Hy@abspage=\count330
\c@Item=\count331
\c@Hfootnote=\count332
)
Package hyperref Info: Driver (autodetected): hxetex.

(c:/texlive/2025/texmf-dist/tex/latex/hyperref/hxetex.def
File: hxetex.def 2024-11-05 v7.01l Hyperref driver for XeTeX
\pdfm@box=\box83
\c@Hy@AnnotLevel=\count333
\HyField@AnnotCount=\count334
\Fld@listcount=\count335
\c@bookmark@seq@number=\count336

(c:/texlive/2025/texmf-dist/tex/latex/rerunfilecheck/rerunfilecheck.sty
Package: rerunfilecheck 2022-07-10 v1.10 Rerun checks for auxiliary files (HO)

(c:/texlive/2025/texmf-dist/tex/latex/base/atveryend-ltx.sty
Package: atveryend-ltx 2020/08/19 v1.0a Emulation of the original atveryend pac
kage
with kernel methods
)
(c:/texlive/2025/texmf-dist/tex/generic/uniquecounter/uniquecounter.sty
Package: uniquecounter 2019/12/15 v1.4 Provide unlimited unique counter (HO)
)
Package uniquecounter Info: New unique counter `rerunfilecheck' on input line 2
85.
)
\Hy@SectionHShift=\skip76
)
(c:/texlive/2025/texmf-dist/tex/latex/listings/listings.sty
\lst@mode=\count337
\lst@gtempboxa=\box84
\lst@token=\toks49
\lst@length=\count338
\lst@currlwidth=\dimen307
\lst@column=\count339
\lst@pos=\count340
\lst@lostspace=\dimen308
\lst@width=\dimen309
\lst@newlines=\count341
\lst@lineno=\count342
\lst@maxwidth=\dimen310

(c:/texlive/2025/texmf-dist/tex/latex/listings/lstpatch.sty
File: lstpatch.sty 2024/09/23 1.10c (Carsten Heinz)
)
(c:/texlive/2025/texmf-dist/tex/latex/listings/lstmisc.sty
File: lstmisc.sty 2024/09/23 1.10c (Carsten Heinz)
\c@lstnumber=\count343
\lst@skipnumbers=\count344
\lst@framebox=\box85
)
(c:/texlive/2025/texmf-dist/tex/latex/listings/listings.cfg
File: listings.cfg 2024/09/23 1.10c listings configuration
))
Package: listings 2024/09/23 1.10c (Carsten Heinz)

(c:/texlive/2025/texmf-dist/tex/xelatex/xepersian/xepersian.sty
Package: xepersian 2025/02/02 v25.2.2 (Release Persian Gate) Persian typesettin
g in XeLaTeX

****************************************************
* 
* xepersian package (Persian for LaTeX, using XeTeX engine)
* 
* Description: The package supports Persian
* typesetting, using fonts provided in the
* distribution.
* 
* Copyright (c) 2008--2025 Vafa Khalighi
* Copyright (c) 2018--2020 bidi-tex GitHub Organization
* 
* v25.2.2 (Release Persian Gate), 2025/02/02
* 
* License: LaTeX Project Public License, version
* 1.3c or higher (your choice)
* 
* Location on CTAN: /macros/xetex/latex/xepersian
* 
* Issue tracker: https://github.com/xepersian/xepersian/issues
* 
* Discussions: https://github.com/xepersian/xepersian/discussions
* 
* Primary author of xepersian package: Vafa Khalighi.
* 
****************************************************
(c:/texlive/2025/texmf-dist/tex/latex/fontspec/fontspec.sty
(c:/texlive/2025/texmf-dist/tex/latex/l3packages/xparse/xparse.sty
(c:/texlive/2025/texmf-dist/tex/latex/l3kernel/expl3.sty
Package: expl3 2025-01-18 L3 programming layer (loader) 

(c:/texlive/2025/texmf-dist/tex/latex/l3backend/l3backend-xetex.def
File: l3backend-xetex.def 2024-05-08 L3 backend support: XeTeX
\g__graphics_track_int=\count345
\l__pdf_internal_box=\box86
\g__pdf_backend_annotation_int=\count346
\g__pdf_backend_link_int=\count347
))
Package: xparse 2024-08-16 L3 Experimental document command parser
)
Package: fontspec 2024/05/11 v2.9e Font selection for XeLaTeX and LuaLaTeX

(c:/texlive/2025/texmf-dist/tex/latex/fontspec/fontspec-xetex.sty
Package: fontspec-xetex 2024/05/11 v2.9e Font selection for XeLaTeX and LuaLaTe
X
\l__fontspec_script_int=\count348
\l__fontspec_language_int=\count349
\l__fontspec_strnum_int=\count350
\l__fontspec_tmp_int=\count351
\l__fontspec_tmpa_int=\count352
\l__fontspec_tmpb_int=\count353
\l__fontspec_tmpc_int=\count354
\l__fontspec_em_int=\count355
\l__fontspec_emdef_int=\count356
\l__fontspec_strong_int=\count357
\l__fontspec_strongdef_int=\count358
\l__fontspec_tmpa_dim=\dimen311
\l__fontspec_tmpb_dim=\dimen312
\l__fontspec_tmpc_dim=\dimen313

(c:/texlive/2025/texmf-dist/tex/latex/base/fontenc.sty
Package: fontenc 2021/04/29 v2.0v Standard LaTeX package
)
(c:/texlive/2025/texmf-dist/tex/latex/fontspec/fontspec.cfg)))
(c:/texlive/2025/texmf-dist/tex/xelatex/xepersian/xepersian-persiancal.sty
Package: xepersian-persiancal 2025/01/01 v0.3 provides Persian calendar
\XePersian@i=\count359
\XePersian@y=\count360
\XePersian@m=\count361
\XePersian@d=\count362
\XePersian@latini=\count363
\XePersian@persiani=\count364
\XePersian@latinii=\count365
\XePersian@persianii=\count366
\XePersian@latiniii=\count367
\XePersian@persianiii=\count368
\XePersian@latiniv=\count369
\XePersian@persianiv=\count370
\XePersian@latinv=\count371
\XePersian@persianv=\count372
\XePersian@latinvi=\count373
\XePersian@persianvi=\count374
\XePersian@latinvii=\count375
\XePersian@persianvii=\count376
\XePersian@latinviii=\count377
\XePersian@persianviii=\count378
\XePersian@latinix=\count379
\XePersian@persianix=\count380
\XePersian@latinx=\count381
\XePersian@persianx=\count382
\XePersian@latinxi=\count383
\XePersian@persianxi=\count384
\XePersian@latinxii=\count385
\XePersian@persianxii=\count386
\XePersian@persianxiii=\count387
\XePersian@temp=\count388
\XePersian@temptwo=\count389
\XePersian@tempthree=\count390
\XePersian@yModHundred=\count391
\XePersian@thirtytwo=\count392
\XePersian@dn=\count393
\XePersian@sn=\count394
\XePersian@mminusone=\count395
)
(c:/texlive/2025/texmf-dist/tex/xelatex/xepersian/unicode-persianmath.sty
Package: unicode-persianmath 2025/02/02 v1.2.3 Unicode Persian math
)
(c:/texlive/2025/texmf-dist/tex/xelatex/bidi/bidi.sty
Package: bidi 2025/02/02 v25.2.2 (Release Maryam Mirzakhani) Bidirectional type
setting in plain TeX and LaTeX

****************************************************
* 
* bidi package (Bidirectional typesetting in
* plain TeX and LaTeX, using XeTeX engine)
* 
* Description: A convenient interface for
* typesetting bidirectional texts in plain TeX
* and LaTeX. The package includes adaptations
* for use with many other commonly-used packages.
* 
* Copyright (c) 2007--2025 Vafa Khalighi
* Copyright (c) 2018--2020 bidi-tex GitHub organization
* 
* v25.2.2 (Release Maryam Mirzakhani), 2025/02/02
* 
* License: LaTeX Project Public License, version
* 1.3c or higher (your choice)
* 
* Location on CTAN: /macros/xetex/latex/bidi
* 
* Issue tracker: https://github.com/xepersian/bidi/issues
* 
* Discussions: https://github.com/xepersian/bidi/discussions
* 
* Primary author of bidi package: Vafa Khalighi.
* 
****************************************************
(c:/texlive/2025/texmf-dist/tex/xelatex/bidi/biditools.sty
Package: biditools 2025/02/02 v2.7 Programming tools for bidi package
\@bidi@envbody=\toks50
\@bidi@emptytoks=\toks51
\bidi@poscount=\count396
\bidi@tempcountb=\count397
\bidi@temptoksa=\toks52
\bidi@temptoksb=\toks53
\bidi@dummies=\count398
\bidi@are@these@correct=\toks54
\bidi@toks@lista=\toks55
\bidi@toks@listb=\toks56
\bidi@stack@length=\count399
\bidi@empty@stack=\toks57
\bidi@looprepeat@depth=\count400
)
(c:/texlive/2025/texmf-dist/tex/latex/zref/zref-abspage.sty
Package: zref-abspage 2023-09-14 v2.35 Module abspage for zref (HO)

(c:/texlive/2025/texmf-dist/tex/latex/zref/zref-base.sty
Package: zref-base 2023-09-14 v2.35 Module base for zref (HO)

(c:/texlive/2025/texmf-dist/tex/generic/etexcmds/etexcmds.sty
Package: etexcmds 2019/12/15 v1.7 Avoid name clashes with e-TeX commands (HO)
)
(c:/texlive/2025/texmf-dist/tex/latex/auxhook/auxhook.sty
Package: auxhook 2019-12-17 v1.6 Hooks for auxiliary files (HO)
)
Package zref Info: New property list: main on input line 767.
Package zref Info: New property: default on input line 768.
Package zref Info: New property: page on input line 769.
)
\c@abspage=\count401
Package zref Info: New property: abspage on input line 67.
)
\@bidi@copyins@=\insert252
\bidi@typesethour=\count402
\bidi@typesetminute=\count403

(c:/texlive/2025/texmf-dist/tex/xelatex/bidi/latex-xetex-bidi.def
File: latex-xetex-bidi.def 2025/01/03 v1.5.2 bidi adaptations for `latex.ltx' f
or XeTeX engine
\bidi@n@everypar=\toks58
LaTeX Info: Redefining \centerline on input line 316.
LaTeX Info: Redefining \leftline on input line 325.
LaTeX Info: Redefining \rightline on input line 326.
LaTeX Info: Redefining \underline on input line 334.
\bidi@column@check@number=\count404

(c:/texlive/2025/texmf-dist/tex/xelatex/bidi/footnote-xetex-bidi.def
File: footnote-xetex-bidi.def 2024/12/14 v1.3 bidi footnote macros for XeTeX en
gine
\c@footdir@label=\count405
\footdir@toks=\toks59
)
(c:/texlive/2025/texmf-dist/tex/xelatex/bidi/article-xetex-bidi.def
File: article-xetex-bidi.def 2025/01/05 v0.9 bidi adaptations for standard arti
cle class for XeTeX engine
)
(c:/texlive/2025/texmf-dist/tex/xelatex/bidi/amsmath-xetex-bidi.def
File: amsmath-xetex-bidi.def 2020/05/16 v1.2 bidi adaptations for amsmath packa
ge for XeTeX engine
)
(c:/texlive/2025/texmf-dist/tex/xelatex/bidi/amstext-xetex-bidi.def
File: amstext-xetex-bidi.def 2016/09/12 v0.2 bidi adaptations for amstext packa
ge for XeTeX engine
)
(c:/texlive/2025/texmf-dist/tex/xelatex/bidi/array-xetex-bidi.def
File: array-xetex-bidi.def 2024/12/10 v0.5 bidi adaptations for array package f
or XeTeX engine
)
(c:/texlive/2025/texmf-dist/tex/xelatex/bidi/color-xetex-bidi.def
File: color-xetex-bidi.def 2013/04/08 v0.2 bidi adaptations for color package f
or XeTeX engine
LaTeX Info: Redefining \color on input line 49.
)
(c:/texlive/2025/texmf-dist/tex/xelatex/bidi/fancyhdr-xetex-bidi.def
File: fancyhdr-xetex-bidi.def 2025/01/07 v0.9 bidi adaptations for fancyhdr pac
kage for XeTeX engine


Package bidi Warning: Oops! patching `\f@nch@hfbox@center' failed.


Package bidi Warning: Oops! patching `\f@nch@hfbox@center' failed.


Package bidi Warning: Oops! patching `\f@nch@hfbox@fit' failed.


Package bidi Warning: Oops! patching `\f@nch@hfbox@fit' failed.

) (c:/texlive/2025/texmf-dist/tex/xelatex/bidi/geometry-xetex-bidi.def
File: geometry-xetex-bidi.def 2017/01/14 v0.2 bidi adaptations for geometry pac
kage for XeTeX engine
)
(c:/texlive/2025/texmf-dist/tex/xelatex/bidi/graphicx-xetex-bidi.def
File: graphicx-xetex-bidi.def 2017/06/17 v0.5 bidi adaptations for graphicx pac
kage for XeTeX engine
)
(c:/texlive/2025/texmf-dist/tex/xelatex/bidi/hyperref-xetex-bidi.def
File: hyperref-xetex-bidi.def 2025/01/05 v1.4 bidi adaptations for hyperref pac
kage for XeTeX engine
)
(c:/texlive/2025/texmf-dist/tex/xelatex/bidi/listings-xetex-bidi.def
File: listings-xetex-bidi.def 2025/01/03 v1.6 bidi adaptations for listings pac
kage for XeTeX engine
)
(c:/texlive/2025/texmf-dist/tex/xelatex/bidi/longtable-xetex-bidi.def
File: longtable-xetex-bidi.def 2025/01/05 v0.8 bidi adaptations for longtable p
ackage for XeTeX engine
)
(c:/texlive/2025/texmf-dist/tex/xelatex/bidi/pgfsys-xetex-bidi.def
File: pgfsys-xetex-bidi.def 2025/01/05 v0.1 bidi adaptations for pgfsys package
 for XeTeX engine
)
(c:/texlive/2025/texmf-dist/tex/xelatex/bidi/tcolorbox-xetex-bidi.def
File: tcolorbox-xetex-bidi.def 2018/11/11 v0.2 bidi adaptations for tcolorbox p
ackage for XeTeX engine
)
(c:/texlive/2025/texmf-dist/tex/xelatex/bidi/titlesec-xetex-bidi.def
File: titlesec-xetex-bidi.def 2010/07/25 v0.1 bidi adaptations for titlesec pac
kage for XeTeX engine
)
(c:/texlive/2025/texmf-dist/tex/xelatex/bidi/xcolor-xetex-bidi.def
File: xcolor-xetex-bidi.def 2022/06/13 v0.3 bidi adaptations for xcolor package
 for XeTeX engine
LaTeX Info: Redefining \color on input line 48.
LaTeX Info: Redefining \bidicolor on input line 91.
)
(c:/texlive/2025/texmf-dist/tex/xelatex/bidi/pgfcorescopes.code-xetex-bidi.def
File: pgfcorescopes.code-xetex-bidi.def 2015/11/14 v0.1 bidi adaptations for pg
f package for XeTeX engine
))
\bidi@digits=\count406
\bidi@digits@charclass=\XeTeXcharclass1
\bidi@sepmark@charclass=\XeTeXcharclass2
)
\xepersian@tcl=\count407
\xepersian@ilg=\dimen314
\xepersian@strutilg=\dimen315

(c:/texlive/2025/texmf-dist/tex/xelatex/xepersian/footnote-xetex-bidi-xetex-xep
ersian.def
File: footnote-xetex-bidi-xetex-xepersian.def 2017/08/09 v0.6 xepersian adaptat
ions for footnotes for XeTeX engine
)
(c:/texlive/2025/texmf-dist/tex/xelatex/xepersian/article-xetex-xepersian.def
File: article-xetex-xepersian.def 2010/07/25 v0.2 xepersian adaptations for sta
ndard article class for XeTeX engine
)
(c:/texlive/2025/texmf-dist/tex/xelatex/xepersian/hyperref-xetex-xepersian.def
File: hyperref-xetex-xepersian.def 2022/10/30 v0.8 xepersian adaptations for hy
perref package for XeTeX engine
) (c:/texlive/2025/texmf-dist/tex/xelatex/xepersian/listings-xetex-xepersian.de
f
File: listings-xetex-xepersian.def 2014/07/17 v0.3 xepersian adaptations for li
stings package for XeTeX engine
) (c:/texlive/2025/texmf-dist/tex/xelatex/xepersian/url-xetex-xepersian.def
File: url-xetex-xepersian.def 2022/02/18 v0.1 xepersian adaptations for url pac
kage for XeTeX engine
)
\xepersian@toks=\toks60
)

Package fontspec Info: 
(fontspec)             Font family 'lmroman10-regular(0)' created for font
(fontspec)             'lmroman10-regular' with options
(fontspec)             [Ligatures=TeX,Path,BoldFont={lmroman10-bold},BoldItalic
Font={lmroman10-bolditalic},ItalicFont={lmroman10-italic},SmallCapsFont={lmroma
ncaps10-regular},SlantedFont={lmromanslant10-regular},BoldSlantedFont={lmromans
lant10-bold}].
(fontspec)              
(fontspec)              This font family consists of the following NFSS
(fontspec)             series/shapes:
(fontspec)              
(fontspec)             - 'normal' (m/n) with NFSS spec.:
(fontspec)             <->"[lmroman10-regular]/OT:script=latn;language=dflt;map
ping=tex-text;"
(fontspec)             - 'small caps'  (m/sc) with NFSS spec.:
(fontspec)             <->"[lmromancaps10-regular]/OT:script=latn;language=dflt
;mapping=tex-text;"
(fontspec)             - 'bold' (b/n) with NFSS spec.:
(fontspec)             <->"[lmroman10-bold]/OT:script=latn;language=dflt;mappin
g=tex-text;"
(fontspec)             - 'bold small caps'  (b/sc) with NFSS spec.:
(fontspec)             <->"[lmromancaps10-regular]/OT:script=latn;language=dflt
;mapping=tex-text;"
(fontspec)             - 'italic' (m/it) with NFSS spec.:
(fontspec)             <->"[lmroman10-italic]/OT:script=latn;language=dflt;mapp
ing=tex-text;"
(fontspec)             - 'italic small caps'  (m/scit) with NFSS spec.:
(fontspec)             <->"[lmromancaps10-regular]/OT:script=latn;language=dflt
;mapping=tex-text;"
(fontspec)             - 'slanted' (m/sl) with NFSS spec.:
(fontspec)             <->"[lmromanslant10-regular]/OT:script=latn;language=dfl
t;mapping=tex-text;"
(fontspec)             - 'slanted small caps'  (m/scsl) with NFSS spec.:
(fontspec)             <->"[lmromancaps10-regular]/OT:script=latn;language=dflt
;mapping=tex-text;"
(fontspec)             - 'bold italic' (b/it) with NFSS spec.:
(fontspec)             <->"[lmroman10-bolditalic]/OT:script=latn;language=dflt;
mapping=tex-text;"
(fontspec)             - 'bold italic small caps'  (b/scit) with NFSS spec.:
(fontspec)             <->"[lmromancaps10-regular]/OT:script=latn;language=dflt
;mapping=tex-text;"
(fontspec)             - 'bold slanted' (b/sl) with NFSS spec.:
(fontspec)             <->"[lmromanslant10-bold]/OT:script=latn;language=dflt;m
apping=tex-text;"
(fontspec)             - 'bold slanted small caps'  (b/scsl) with NFSS spec.:
(fontspec)             <->"[lmromancaps10-regular]/OT:script=latn;language=dflt
;mapping=tex-text;"


Package fontspec Info: 
(fontspec)             Font family 'XB-Niloofar(0)' created for font
(fontspec)             'XB-Niloofar' with options
(fontspec)             [RawFeature={script=arab},Ligatures=PersianTeX,Path="./"
,Extension=".ttf"].
(fontspec)              
(fontspec)              This font family consists of the following NFSS
(fontspec)             series/shapes:
(fontspec)              
(fontspec)             - 'normal' (m/n) with NFSS spec.:
(fontspec)             <->"["./"XB-Niloofar".ttf"]/OT:script=latn;language=dflt
;script=arab;mapping=persian-tex-text;"


Package fontspec Info: 
(fontspec)             Font family 'XB-Niloofar(1)' created for font
(fontspec)             'XB-Niloofar' with options
(fontspec)             [Ligatures=PersianTeX,Path="./",Extension=".ttf"].
(fontspec)              
(fontspec)              This font family consists of the following NFSS
(fontspec)             series/shapes:
(fontspec)              
(fontspec)             - 'normal' (m/n) with NFSS spec.:
(fontspec)             <->"["./"XB-Niloofar".ttf"]/OT:script=latn;language=dflt
;mapping=persian-tex-text;"


Package fontspec Info: 
(fontspec)             Font family 'XB-Niloofar(2)' created for font
(fontspec)             'XB-Niloofar' with options
(fontspec)             [Path="./",Extension=".ttf"].
(fontspec)              
(fontspec)              This font family consists of the following NFSS
(fontspec)             series/shapes:
(fontspec)              
(fontspec)             - 'normal' (m/n) with NFSS spec.:
(fontspec)             <->"["./"XB-Niloofar".ttf"]/OT:script=latn;language=dflt
;"

Package unicode-persianmath Info: DefiningthedefaultPersianmathdigitsfontas'XB-
Niloofar' on input line 23.
\sympersianoperators=\mathgroup6
\sympersianoperatorsbf=\mathgroup7
\sympersianoperatorsit=\mathgroup8
Package hyperref Info: Option `colorlinks' set `true' on input line 66.
Package hyperref Info: Option `unicode' set `true' on input line 66.

(./HW2.aux)
\openout1 = `HW2.aux'.

LaTeX Font Info:    Checking defaults for OML/cmm/m/it on input line 80.
LaTeX Font Info:    ... okay on input line 80.
LaTeX Font Info:    Checking defaults for OMS/cmsy/m/n on input line 80.
LaTeX Font Info:    ... okay on input line 80.
LaTeX Font Info:    Checking defaults for OT1/cmr/m/n on input line 80.
LaTeX Font Info:    ... okay on input line 80.
LaTeX Font Info:    Checking defaults for T1/cmr/m/n on input line 80.
LaTeX Font Info:    ... okay on input line 80.
LaTeX Font Info:    Checking defaults for TS1/cmr/m/n on input line 80.
LaTeX Font Info:    ... okay on input line 80.
LaTeX Font Info:    Checking defaults for TU/lmr/m/n on input line 80.
LaTeX Font Info:    ... okay on input line 80.
LaTeX Font Info:    Checking defaults for OMX/cmex/m/n on input line 80.
LaTeX Font Info:    ... okay on input line 80.
LaTeX Font Info:    Checking defaults for U/cmr/m/n on input line 80.
LaTeX Font Info:    ... okay on input line 80.
LaTeX Font Info:    Checking defaults for PD1/pdf/m/n on input line 80.
LaTeX Font Info:    ... okay on input line 80.
LaTeX Font Info:    Checking defaults for PU/pdf/m/n on input line 80.
LaTeX Font Info:    ... okay on input line 80.

*geometry* driver: auto-detecting
*geometry* detected driver: xetex
*geometry* verbose mode - [ preamble ] result:
* driver: xetex
* paper: <default>
* layout: <same size as paper>
* layoutoffset:(h,v)=(0.0pt,0.0pt)
* modes: 
* h-part:(L,W,R)=(71.13188pt, 472.03123pt, 71.13188pt)
* v-part:(T,H,B)=(71.13188pt, 652.70622pt, 71.13188pt)
* \paperwidth=614.295pt
* \paperheight=794.96999pt
* \textwidth=472.03123pt
* \textheight=652.70622pt
* \oddsidemargin=-1.1381pt
* \evensidemargin=-1.1381pt
* \topmargin=-38.1381pt
* \headheight=16.0pt
* \headsep=25.0pt
* \topskip=12.0pt
* \footskip=30.0pt
* \marginparwidth=44.0pt
* \marginparsep=10.0pt
* \columnsep=10.0pt
* \skip\footins=10.8pt plus 4.0pt minus 2.0pt
* \hoffset=0.0pt
* \voffset=0.0pt
* \mag=1000
* \@twocolumnfalse
* \@twosidefalse
* \@mparswitchfalse
* \@reversemarginfalse
* (1in=72.27pt=25.4mm, 1cm=28.453pt)

Package pgfplots notification 'compat/show suggested version=true': document ha
s been generated with the most recent feature set (\pgfplotsset{compat=1.18}).

Package hyperref Info: Link coloring ON on input line 80.
(./HW2.out) (./HW2.out)
\@outlinefile=\write4
\openout4 = `HW2.out'.

\c@lstlisting=\count408


LaTeX Font Warning: Font shape `TU/XB-Niloofar(0)/b/n' undefined
(Font)              using `TU/XB-Niloofar(0)/m/n' instead on input line 83.


LaTeX Font Warning: Font shape `TU/XB-Niloofar(1)/b/n' undefined
(Font)              using `TU/XB-Niloofar(1)/m/n' instead on input line 86.

(c:/texlive/2025/texmf-dist/tex/generic/stringenc/se-ascii-print.def
File: se-ascii-print.def 2019/11/29 v1.12 stringenc: Printable ASCII characters

)
LaTeX Font Info:    Trying to load font information for U+msa on input line 115
.

(c:/texlive/2025/texmf-dist/tex/latex/amsfonts/umsa.fd
File: umsa.fd 2013/01/14 v3.01 AMS symbols A
)
LaTeX Font Info:    Trying to load font information for U+msb on input line 115
.

(c:/texlive/2025/texmf-dist/tex/latex/amsfonts/umsb.fd
File: umsb.fd 2013/01/14 v3.01 AMS symbols B
)

LaTeX Font Warning: Font shape `TU/XB-Niloofar(2)/bx/n' undefined
(Font)              using `TU/XB-Niloofar(2)/m/n' instead on input line 115.


LaTeX Font Warning: Font shape `TU/XB-Niloofar(2)/m/it' undefined
(Font)              using `TU/XB-Niloofar(2)/m/n' instead on input line 115.



[1

]
File: F_distributions.png Graphic file (type bmp)
<F_distributions.png>


LaTeX Warning: `!h' float specifier changed to `!ht'.

NOTE: coordinate (2Y5.0e0],3Y0.0e0]) has been dropped because it is unbounded (
in y). (see also unbounded coords=jump). 
NOTE: coordinate (2Y4.94975e0],3Y0.0e0]) has been dropped because it is unbound
ed (in y). (see also unbounded coords=jump). 
NOTE: coordinate (2Y4.8995001e0],3Y0.0e0]) has been dropped because it is unbou
nded (in y). (see also unbounded coords=jump). 
NOTE: coordinate (2Y4.84925e0],3Y0.0e0]) has been dropped because it is unbound
ed (in y). (see also unbounded coords=jump). 
NOTE: coordinate (2Y4.7990001e0],3Y0.0e0]) has been dropped because it is unbou
nded (in y). (see also unbounded coords=jump). 
NOTE: coordinate (2Y4.74875e0],3Y0.0e0]) has been dropped because it is unbound
ed (in y). (see also unbounded coords=jump). 
NOTE: coordinate (2Y4.6985e0],3Y0.0e0]) has been dropped because it is unbounde
d (in y). (see also unbounded coords=jump). 
NOTE: coordinate (2Y4.6482501e0],3Y0.0e0]) has been dropped because it is unbou
nded (in y). (see also unbounded coords=jump). 
NOTE: coordinate (2Y4.598e0],3Y0.0e0]) has been dropped because it is unbounded
 (in y). (see also unbounded coords=jump). 
NOTE: coordinate (2Y4.5477501e0],3Y0.0e0]) has been dropped because it is unbou
nded (in y). (see also unbounded coords=jump). 
NOTE: coordinate (2Y4.4975e0],3Y0.0e0]) has been dropped because it is unbounde
d (in y). (see also unbounded coords=jump). 
NOTE: coordinate (2Y4.44725e0],3Y0.0e0]) has been dropped because it is unbound
ed (in y). (see also unbounded coords=jump). 
NOTE: coordinate (2Y4.3970001e0],3Y0.0e0]) has been dropped because it is unbou
nded (in y). (see also unbounded coords=jump). 
NOTE: coordinate (2Y4.34675e0],3Y0.0e0]) has been dropped because it is unbound
ed (in y). (see also unbounded coords=jump). 
NOTE: coordinate (2Y4.2965001e0],3Y0.0e0]) has been dropped because it is unbou
nded (in y). (see also unbounded coords=jump). 
NOTE: coordinate (2Y4.24625e0],3Y0.0e0]) has been dropped because it is unbound
ed (in y). (see also unbounded coords=jump). 
NOTE: coordinate (2Y4.196e0],3Y0.0e0]) has been dropped because it is unbounded
 (in y). (see also unbounded coords=jump). 
NOTE: coordinate (2Y4.1457501e0],3Y0.0e0]) has been dropped because it is unbou
nded (in y). (see also unbounded coords=jump). 
NOTE: coordinate (2Y4.0955e0],3Y0.0e0]) has been dropped because it is unbounde
d (in y). (see also unbounded coords=jump). 
NOTE: coordinate (2Y4.0452501e0],3Y0.0e0]) has been dropped because it is unbou
nded (in y). (see also unbounded coords=jump). 
NOTE: coordinate (2Y3.995e0],3Y0.0e0]) has been dropped because it is unbounded
 (in y). (see also unbounded coords=jump). 
NOTE: coordinate (2Y3.94475e0],3Y0.0e0]) has been dropped because it is unbound
ed (in y). (see also unbounded coords=jump). 
NOTE: coordinate (2Y3.8945e0],3Y0.0e0]) has been dropped because it is unbounde
d (in y). (see also unbounded coords=jump). 
NOTE: coordinate (2Y3.84425e0],3Y0.0e0]) has been dropped because it is unbound
ed (in y). (see also unbounded coords=jump). 
NOTE: coordinate (2Y3.794e0],3Y0.0e0]) has been dropped because it is unbounded
 (in y). (see also unbounded coords=jump). 
NOTE: coordinate (2Y3.74375e0],3Y0.0e0]) has been dropped because it is unbound
ed (in y). (see also unbounded coords=jump). 
NOTE: coordinate (2Y3.6935e0],3Y0.0e0]) has been dropped because it is unbounde
d (in y). (see also unbounded coords=jump). 
NOTE: coordinate (2Y3.64325e0],3Y0.0e0]) has been dropped because it is unbound
ed (in y). (see also unbounded coords=jump). 
NOTE: coordinate (2Y3.593e0],3Y0.0e0]) has been dropped because it is unbounded
 (in y). (see also unbounded coords=jump). 
NOTE: coordinate (2Y3.54275e0],3Y0.0e0]) has been dropped because it is unbound
ed (in y). (see also unbounded coords=jump). 
NOTE: coordinate (2Y3.4925e0],3Y0.0e0]) has been dropped because it is unbounde
d (in y). (see also unbounded coords=jump). 
NOTE: coordinate (2Y3.44225e0],3Y0.0e0]) has been dropped because it is unbound
ed (in y). (see also unbounded coords=jump). 
NOTE: coordinate (2Y3.392e0],3Y0.0e0]) has been dropped because it is unbounded
 (in y). (see also unbounded coords=jump). 
NOTE: coordinate (2Y3.34175e0],3Y0.0e0]) has been dropped because it is unbound
ed (in y). (see also unbounded coords=jump). 
NOTE: coordinate (2Y3.2915e0],3Y0.0e0]) has been dropped because it is unbounde
d (in y). (see also unbounded coords=jump). 
NOTE: coordinate (2Y3.24125e0],3Y0.0e0]) has been dropped because it is unbound
ed (in y). (see also unbounded coords=jump). 
NOTE: coordinate (2Y3.191e0],3Y0.0e0]) has been dropped because it is unbounded
 (in y). (see also unbounded coords=jump). 
NOTE: coordinate (2Y3.14075e0],3Y0.0e0]) has been dropped because it is unbound
ed (in y). (see also unbounded coords=jump). 
NOTE: coordinate (2Y3.0905e0],3Y0.0e0]) has been dropped because it is unbounde
d (in y). (see also unbounded coords=jump). 
NOTE: coordinate (2Y3.04025e0],3Y0.0e0]) has been dropped because it is unbound
ed (in y). (see also unbounded coords=jump). 
NOTE: coordinate (2Y2.99e0],3Y0.0e0]) has been dropped because it is unbounded 
(in y). (see also unbounded coords=jump). 
NOTE: coordinate (2Y2.93975e0],3Y0.0e0]) has been dropped because it is unbound
ed (in y). (see also unbounded coords=jump). 
NOTE: coordinate (2Y2.8895e0],3Y0.0e0]) has been dropped because it is unbounde
d (in y). (see also unbounded coords=jump). 
NOTE: coordinate (2Y2.83925e0],3Y0.0e0]) has been dropped because it is unbound
ed (in y). (see also unbounded coords=jump). 
NOTE: coordinate (2Y2.789e0],3Y0.0e0]) has been dropped because it is unbounded
 (in y). (see also unbounded coords=jump). 
NOTE: coordinate (2Y2.73875e0],3Y0.0e0]) has been dropped because it is unbound
ed (in y). (see also unbounded coords=jump). 
NOTE: coordinate (2Y2.6885e0],3Y0.0e0]) has been dropped because it is unbounde
d (in y). (see also unbounded coords=jump). 
NOTE: coordinate (2Y2.63825e0],3Y0.0e0]) has been dropped because it is unbound
ed (in y). (see also unbounded coords=jump). 
NOTE: coordinate (2Y2.588e0],3Y0.0e0]) has been dropped because it is unbounded
 (in y). (see also unbounded coords=jump). 
NOTE: coordinate (2Y2.53775e0],3Y0.0e0]) has been dropped because it is unbound
ed (in y). (see also unbounded coords=jump). 
NOTE: coordinate (2Y2.4875e0],3Y0.0e0]) has been dropped because it is unbounde
d (in y). (see also unbounded coords=jump). 
NOTE: coordinate (2Y2.43725e0],3Y0.0e0]) has been dropped because it is unbound
ed (in y). (see also unbounded coords=jump). 
NOTE: coordinate (2Y2.387e0],3Y0.0e0]) has been dropped because it is unbounded
 (in y). (see also unbounded coords=jump). 
NOTE: coordinate (2Y2.33675e0],3Y0.0e0]) has been dropped because it is unbound
ed (in y). (see also unbounded coords=jump). 
NOTE: coordinate (2Y2.2865e0],3Y0.0e0]) has been dropped because it is unbounde
d (in y). (see also unbounded coords=jump). 
NOTE: coordinate (2Y2.23625e0],3Y0.0e0]) has been dropped because it is unbound
ed (in y). (see also unbounded coords=jump). 
NOTE: coordinate (2Y2.186e0],3Y0.0e0]) has been dropped because it is unbounded
 (in y). (see also unbounded coords=jump). 
NOTE: coordinate (2Y2.13575e0],3Y0.0e0]) has been dropped because it is unbound
ed (in y). (see also unbounded coords=jump). 
NOTE: coordinate (2Y2.0855e0],3Y0.0e0]) has been dropped because it is unbounde
d (in y). (see also unbounded coords=jump). 
NOTE: coordinate (2Y2.03525e0],3Y0.0e0]) has been dropped because it is unbound
ed (in y). (see also unbounded coords=jump). 
NOTE: coordinate (2Y1.985e0],3Y0.0e0]) has been dropped because it is unbounded
 (in y). (see also unbounded coords=jump). 
NOTE: coordinate (2Y1.93475e0],3Y0.0e0]) has been dropped because it is unbound
ed (in y). (see also unbounded coords=jump). 
NOTE: coordinate (2Y1.8845e0],3Y0.0e0]) has been dropped because it is unbounde
d (in y). (see also unbounded coords=jump). 
NOTE: coordinate (2Y1.83425e0],3Y0.0e0]) has been dropped because it is unbound
ed (in y). (see also unbounded coords=jump). 
NOTE: coordinate (2Y1.784e0],3Y0.0e0]) has been dropped because it is unbounded
 (in y). (see also unbounded coords=jump). 
NOTE: coordinate (2Y1.73375e0],3Y0.0e0]) has been dropped because it is unbound
ed (in y). (see also unbounded coords=jump). 
NOTE: coordinate (2Y1.6835e0],3Y0.0e0]) has been dropped because it is unbounde
d (in y). (see also unbounded coords=jump). 
NOTE: coordinate (2Y1.63325e0],3Y0.0e0]) has been dropped because it is unbound
ed (in y). (see also unbounded coords=jump). 
NOTE: coordinate (2Y1.583e0],3Y0.0e0]) has been dropped because it is unbounded
 (in y). (see also unbounded coords=jump). 
NOTE: coordinate (2Y1.53275e0],3Y0.0e0]) has been dropped because it is unbound
ed (in y). (see also unbounded coords=jump). 
NOTE: coordinate (2Y1.4825e0],3Y0.0e0]) has been dropped because it is unbounde
d (in y). (see also unbounded coords=jump). 
NOTE: coordinate (2Y1.43225e0],3Y0.0e0]) has been dropped because it is unbound
ed (in y). (see also unbounded coords=jump). 
NOTE: coordinate (2Y1.382e0],3Y0.0e0]) has been dropped because it is unbounded
 (in y). (see also unbounded coords=jump). 
NOTE: coordinate (2Y1.33175e0],3Y0.0e0]) has been dropped because it is unbound
ed (in y). (see also unbounded coords=jump). 
NOTE: coordinate (2Y1.2815e0],3Y0.0e0]) has been dropped because it is unbounde
d (in y). (see also unbounded coords=jump). 
NOTE: coordinate (2Y1.23125e0],3Y0.0e0]) has been dropped because it is unbound
ed (in y). (see also unbounded coords=jump). 
NOTE: coordinate (2Y1.181e0],3Y0.0e0]) has been dropped because it is unbounded
 (in y). (see also unbounded coords=jump). 
NOTE: coordinate (2Y1.13075e0],3Y0.0e0]) has been dropped because it is unbound
ed (in y). (see also unbounded coords=jump). 
NOTE: coordinate (2Y1.0805e0],3Y0.0e0]) has been dropped because it is unbounde
d (in y). (see also unbounded coords=jump). 
NOTE: coordinate (2Y1.03025e0],3Y0.0e0]) has been dropped because it is unbound
ed (in y). (see also unbounded coords=jump). 
NOTE: coordinate (2Y9.8e-1],3Y0.0e0]) has been dropped because it is unbounded 
(in y). (see also unbounded coords=jump). 
NOTE: coordinate (2Y9.2975e-1],3Y0.0e0]) has been dropped because it is unbound
ed (in y). (see also unbounded coords=jump). 
NOTE: coordinate (2Y8.795e-1],3Y0.0e0]) has been dropped because it is unbounde
d (in y). (see also unbounded coords=jump). 
NOTE: coordinate (2Y8.2925e-1],3Y0.0e0]) has been dropped because it is unbound
ed (in y). (see also unbounded coords=jump). 
NOTE: coordinate (2Y7.79e-1],3Y0.0e0]) has been dropped because it is unbounded
 (in y). (see also unbounded coords=jump). 
NOTE: coordinate (2Y7.2875e-1],3Y0.0e0]) has been dropped because it is unbound
ed (in y). (see also unbounded coords=jump). 
NOTE: coordinate (2Y6.785e-1],3Y0.0e0]) has been dropped because it is unbounde
d (in y). (see also unbounded coords=jump). 
NOTE: coordinate (2Y6.2825e-1],3Y0.0e0]) has been dropped because it is unbound
ed (in y). (see also unbounded coords=jump). 
NOTE: coordinate (2Y5.78e-1],3Y0.0e0]) has been dropped because it is unbounded
 (in y). (see also unbounded coords=jump). 
NOTE: coordinate (2Y5.2775e-1],3Y0.0e0]) has been dropped because it is unbound
ed (in y). (see also unbounded coords=jump). 
NOTE: coordinate (2Y4.775e-1],3Y0.0e0]) has been dropped because it is unbounde
d (in y). (see also unbounded coords=jump). 
NOTE: coordinate (2Y4.2725e-1],3Y0.0e0]) has been dropped because it is unbound
ed (in y). (see also unbounded coords=jump). 
NOTE: coordinate (2Y3.77e-1],3Y0.0e0]) has been dropped because it is unbounded
 (in y). (see also unbounded coords=jump). 
NOTE: coordinate (2Y3.2675e-1],3Y0.0e0]) has been dropped because it is unbound
ed (in y). (see also unbounded coords=jump). 
NOTE: coordinate (2Y2.765e-1],3Y0.0e0]) has been dropped because it is unbounde
d (in y). (see also unbounded coords=jump). 
NOTE: coordinate (2Y2.2625e-1],3Y0.0e0]) has been dropped because it is unbound
ed (in y). (see also unbounded coords=jump). 
NOTE: coordinate (2Y1.76e-1],3Y0.0e0]) has been dropped because it is unbounded
 (in y). (see also unbounded coords=jump). 
NOTE: coordinate (2Y1.2575e-1],3Y0.0e0]) has been dropped because it is unbound
ed (in y). (see also unbounded coords=jump). 
NOTE: coordinate (2Y7.55e-2],3Y0.0e0]) has been dropped because it is unbounded
 (in y). (see also unbounded coords=jump). 
NOTE: coordinate (2Y2.525e-2],3Y0.0e0]) has been dropped because it is unbounde
d (in y). (see also unbounded coords=jump). 
NOTE: coordinate (2Y5.0e0],3Y0.0e0]) has been dropped because it is unbounded (
in y). (see also unbounded coords=jump). 
NOTE: coordinate (2Y4.94975e0],3Y0.0e0]) has been dropped because it is unbound
ed (in y). (see also unbounded coords=jump). 
NOTE: coordinate (2Y4.8995001e0],3Y0.0e0]) has been dropped because it is unbou
nded (in y). (see also unbounded coords=jump). 
NOTE: coordinate (2Y4.84925e0],3Y0.0e0]) has been dropped because it is unbound
ed (in y). (see also unbounded coords=jump). 
NOTE: coordinate (2Y4.7990001e0],3Y0.0e0]) has been dropped because it is unbou
nded (in y). (see also unbounded coords=jump). 
NOTE: coordinate (2Y4.74875e0],3Y0.0e0]) has been dropped because it is unbound
ed (in y). (see also unbounded coords=jump). 
NOTE: coordinate (2Y4.6985e0],3Y0.0e0]) has been dropped because it is unbounde
d (in y). (see also unbounded coords=jump). 
NOTE: coordinate (2Y4.6482501e0],3Y0.0e0]) has been dropped because it is unbou
nded (in y). (see also unbounded coords=jump). 
NOTE: coordinate (2Y4.598e0],3Y0.0e0]) has been dropped because it is unbounded
 (in y). (see also unbounded coords=jump). 
NOTE: coordinate (2Y4.5477501e0],3Y0.0e0]) has been dropped because it is unbou
nded (in y). (see also unbounded coords=jump). 
NOTE: coordinate (2Y4.4975e0],3Y0.0e0]) has been dropped because it is unbounde
d (in y). (see also unbounded coords=jump). 
NOTE: coordinate (2Y4.44725e0],3Y0.0e0]) has been dropped because it is unbound
ed (in y). (see also unbounded coords=jump). 
NOTE: coordinate (2Y4.3970001e0],3Y0.0e0]) has been dropped because it is unbou
nded (in y). (see also unbounded coords=jump). 
NOTE: coordinate (2Y4.34675e0],3Y0.0e0]) has been dropped because it is unbound
ed (in y). (see also unbounded coords=jump). 
NOTE: coordinate (2Y4.2965001e0],3Y0.0e0]) has been dropped because it is unbou
nded (in y). (see also unbounded coords=jump). 
NOTE: coordinate (2Y4.24625e0],3Y0.0e0]) has been dropped because it is unbound
ed (in y). (see also unbounded coords=jump). 
NOTE: coordinate (2Y4.196e0],3Y0.0e0]) has been dropped because it is unbounded
 (in y). (see also unbounded coords=jump). 
NOTE: coordinate (2Y4.1457501e0],3Y0.0e0]) has been dropped because it is unbou
nded (in y). (see also unbounded coords=jump). 
NOTE: coordinate (2Y4.0955e0],3Y0.0e0]) has been dropped because it is unbounde
d (in y). (see also unbounded coords=jump). 
NOTE: coordinate (2Y4.0452501e0],3Y0.0e0]) has been dropped because it is unbou
nded (in y). (see also unbounded coords=jump). 
NOTE: coordinate (2Y3.995e0],3Y0.0e0]) has been dropped because it is unbounded
 (in y). (see also unbounded coords=jump). 
NOTE: coordinate (2Y3.94475e0],3Y0.0e0]) has been dropped because it is unbound
ed (in y). (see also unbounded coords=jump). 
NOTE: coordinate (2Y3.8945e0],3Y0.0e0]) has been dropped because it is unbounde
d (in y). (see also unbounded coords=jump). 
NOTE: coordinate (2Y3.84425e0],3Y0.0e0]) has been dropped because it is unbound
ed (in y). (see also unbounded coords=jump). 
NOTE: coordinate (2Y3.794e0],3Y0.0e0]) has been dropped because it is unbounded
 (in y). (see also unbounded coords=jump). 
NOTE: coordinate (2Y3.74375e0],3Y0.0e0]) has been dropped because it is unbound
ed (in y). (see also unbounded coords=jump). 
NOTE: coordinate (2Y3.6935e0],3Y0.0e0]) has been dropped because it is unbounde
d (in y). (see also unbounded coords=jump). 
NOTE: coordinate (2Y3.64325e0],3Y0.0e0]) has been dropped because it is unbound
ed (in y). (see also unbounded coords=jump). 
NOTE: coordinate (2Y3.593e0],3Y0.0e0]) has been dropped because it is unbounded
 (in y). (see also unbounded coords=jump). 
NOTE: coordinate (2Y3.54275e0],3Y0.0e0]) has been dropped because it is unbound
ed (in y). (see also unbounded coords=jump). 
NOTE: coordinate (2Y3.4925e0],3Y0.0e0]) has been dropped because it is unbounde
d (in y). (see also unbounded coords=jump). 
NOTE: coordinate (2Y3.44225e0],3Y0.0e0]) has been dropped because it is unbound
ed (in y). (see also unbounded coords=jump). 
NOTE: coordinate (2Y3.392e0],3Y0.0e0]) has been dropped because it is unbounded
 (in y). (see also unbounded coords=jump). 
NOTE: coordinate (2Y3.34175e0],3Y0.0e0]) has been dropped because it is unbound
ed (in y). (see also unbounded coords=jump). 
NOTE: coordinate (2Y3.2915e0],3Y0.0e0]) has been dropped because it is unbounde
d (in y). (see also unbounded coords=jump). 
NOTE: coordinate (2Y3.24125e0],3Y0.0e0]) has been dropped because it is unbound
ed (in y). (see also unbounded coords=jump). 
NOTE: coordinate (2Y3.191e0],3Y0.0e0]) has been dropped because it is unbounded
 (in y). (see also unbounded coords=jump). 
NOTE: coordinate (2Y3.14075e0],3Y0.0e0]) has been dropped because it is unbound
ed (in y). (see also unbounded coords=jump). 
NOTE: coordinate (2Y3.0905e0],3Y0.0e0]) has been dropped because it is unbounde
d (in y). (see also unbounded coords=jump). 
NOTE: coordinate (2Y3.04025e0],3Y0.0e0]) has been dropped because it is unbound
ed (in y). (see also unbounded coords=jump). 
NOTE: coordinate (2Y2.99e0],3Y0.0e0]) has been dropped because it is unbounded 
(in y). (see also unbounded coords=jump). 
NOTE: coordinate (2Y2.93975e0],3Y0.0e0]) has been dropped because it is unbound
ed (in y). (see also unbounded coords=jump). 
NOTE: coordinate (2Y2.8895e0],3Y0.0e0]) has been dropped because it is unbounde
d (in y). (see also unbounded coords=jump). 
NOTE: coordinate (2Y2.83925e0],3Y0.0e0]) has been dropped because it is unbound
ed (in y). (see also unbounded coords=jump). 
NOTE: coordinate (2Y2.789e0],3Y0.0e0]) has been dropped because it is unbounded
 (in y). (see also unbounded coords=jump). 
NOTE: coordinate (2Y2.73875e0],3Y0.0e0]) has been dropped because it is unbound
ed (in y). (see also unbounded coords=jump). 
NOTE: coordinate (2Y2.6885e0],3Y0.0e0]) has been dropped because it is unbounde
d (in y). (see also unbounded coords=jump). 
NOTE: coordinate (2Y2.63825e0],3Y0.0e0]) has been dropped because it is unbound
ed (in y). (see also unbounded coords=jump). 
NOTE: coordinate (2Y2.588e0],3Y0.0e0]) has been dropped because it is unbounded
 (in y). (see also unbounded coords=jump). 
NOTE: coordinate (2Y2.53775e0],3Y0.0e0]) has been dropped because it is unbound
ed (in y). (see also unbounded coords=jump). 
NOTE: coordinate (2Y2.4875e0],3Y0.0e0]) has been dropped because it is unbounde
d (in y). (see also unbounded coords=jump). 
NOTE: coordinate (2Y2.43725e0],3Y0.0e0]) has been dropped because it is unbound
ed (in y). (see also unbounded coords=jump). 
NOTE: coordinate (2Y2.387e0],3Y0.0e0]) has been dropped because it is unbounded
 (in y). (see also unbounded coords=jump). 
NOTE: coordinate (2Y2.33675e0],3Y0.0e0]) has been dropped because it is unbound
ed (in y). (see also unbounded coords=jump). 
NOTE: coordinate (2Y2.2865e0],3Y0.0e0]) has been dropped because it is unbounde
d (in y). (see also unbounded coords=jump). 
NOTE: coordinate (2Y2.23625e0],3Y0.0e0]) has been dropped because it is unbound
ed (in y). (see also unbounded coords=jump). 
NOTE: coordinate (2Y2.186e0],3Y0.0e0]) has been dropped because it is unbounded
 (in y). (see also unbounded coords=jump). 
NOTE: coordinate (2Y2.13575e0],3Y0.0e0]) has been dropped because it is unbound
ed (in y). (see also unbounded coords=jump). 
NOTE: coordinate (2Y2.0855e0],3Y0.0e0]) has been dropped because it is unbounde
d (in y). (see also unbounded coords=jump). 
NOTE: coordinate (2Y2.03525e0],3Y0.0e0]) has been dropped because it is unbound
ed (in y). (see also unbounded coords=jump). 
NOTE: coordinate (2Y1.985e0],3Y0.0e0]) has been dropped because it is unbounded
 (in y). (see also unbounded coords=jump). 
NOTE: coordinate (2Y1.93475e0],3Y0.0e0]) has been dropped because it is unbound
ed (in y). (see also unbounded coords=jump). 
NOTE: coordinate (2Y1.8845e0],3Y0.0e0]) has been dropped because it is unbounde
d (in y). (see also unbounded coords=jump). 
NOTE: coordinate (2Y1.83425e0],3Y0.0e0]) has been dropped because it is unbound
ed (in y). (see also unbounded coords=jump). 
NOTE: coordinate (2Y1.784e0],3Y0.0e0]) has been dropped because it is unbounded
 (in y). (see also unbounded coords=jump). 
NOTE: coordinate (2Y1.73375e0],3Y0.0e0]) has been dropped because it is unbound
ed (in y). (see also unbounded coords=jump). 
NOTE: coordinate (2Y1.6835e0],3Y0.0e0]) has been dropped because it is unbounde
d (in y). (see also unbounded coords=jump). 
NOTE: coordinate (2Y1.63325e0],3Y0.0e0]) has been dropped because it is unbound
ed (in y). (see also unbounded coords=jump). 
NOTE: coordinate (2Y1.583e0],3Y0.0e0]) has been dropped because it is unbounded
 (in y). (see also unbounded coords=jump). 
NOTE: coordinate (2Y1.53275e0],3Y0.0e0]) has been dropped because it is unbound
ed (in y). (see also unbounded coords=jump). 
NOTE: coordinate (2Y1.4825e0],3Y0.0e0]) has been dropped because it is unbounde
d (in y). (see also unbounded coords=jump). 
NOTE: coordinate (2Y1.43225e0],3Y0.0e0]) has been dropped because it is unbound
ed (in y). (see also unbounded coords=jump). 
NOTE: coordinate (2Y1.382e0],3Y0.0e0]) has been dropped because it is unbounded
 (in y). (see also unbounded coords=jump). 
NOTE: coordinate (2Y1.33175e0],3Y0.0e0]) has been dropped because it is unbound
ed (in y). (see also unbounded coords=jump). 
NOTE: coordinate (2Y1.2815e0],3Y0.0e0]) has been dropped because it is unbounde
d (in y). (see also unbounded coords=jump). 
NOTE: coordinate (2Y1.23125e0],3Y0.0e0]) has been dropped because it is unbound
ed (in y). (see also unbounded coords=jump). 
NOTE: coordinate (2Y1.181e0],3Y0.0e0]) has been dropped because it is unbounded
 (in y). (see also unbounded coords=jump). 
NOTE: coordinate (2Y1.13075e0],3Y0.0e0]) has been dropped because it is unbound
ed (in y). (see also unbounded coords=jump). 
NOTE: coordinate (2Y1.0805e0],3Y0.0e0]) has been dropped because it is unbounde
d (in y). (see also unbounded coords=jump). 
NOTE: coordinate (2Y1.03025e0],3Y0.0e0]) has been dropped because it is unbound
ed (in y). (see also unbounded coords=jump). 
NOTE: coordinate (2Y9.8e-1],3Y0.0e0]) has been dropped because it is unbounded 
(in y). (see also unbounded coords=jump). 
NOTE: coordinate (2Y9.2975e-1],3Y0.0e0]) has been dropped because it is unbound
ed (in y). (see also unbounded coords=jump). 
NOTE: coordinate (2Y8.795e-1],3Y0.0e0]) has been dropped because it is unbounde
d (in y). (see also unbounded coords=jump). 
NOTE: coordinate (2Y8.2925e-1],3Y0.0e0]) has been dropped because it is unbound
ed (in y). (see also unbounded coords=jump). 
NOTE: coordinate (2Y7.79e-1],3Y0.0e0]) has been dropped because it is unbounded
 (in y). (see also unbounded coords=jump). 
NOTE: coordinate (2Y7.2875e-1],3Y0.0e0]) has been dropped because it is unbound
ed (in y). (see also unbounded coords=jump). 
NOTE: coordinate (2Y6.785e-1],3Y0.0e0]) has been dropped because it is unbounde
d (in y). (see also unbounded coords=jump). 
NOTE: coordinate (2Y6.2825e-1],3Y0.0e0]) has been dropped because it is unbound
ed (in y). (see also unbounded coords=jump). 
NOTE: coordinate (2Y5.78e-1],3Y0.0e0]) has been dropped because it is unbounded
 (in y). (see also unbounded coords=jump). 
NOTE: coordinate (2Y5.2775e-1],3Y0.0e0]) has been dropped because it is unbound
ed (in y). (see also unbounded coords=jump). 
NOTE: coordinate (2Y4.775e-1],3Y0.0e0]) has been dropped because it is unbounde
d (in y). (see also unbounded coords=jump). 
NOTE: coordinate (2Y4.2725e-1],3Y0.0e0]) has been dropped because it is unbound
ed (in y). (see also unbounded coords=jump). 
NOTE: coordinate (2Y3.77e-1],3Y0.0e0]) has been dropped because it is unbounded
 (in y). (see also unbounded coords=jump). 
NOTE: coordinate (2Y3.2675e-1],3Y0.0e0]) has been dropped because it is unbound
ed (in y). (see also unbounded coords=jump). 
NOTE: coordinate (2Y2.765e-1],3Y0.0e0]) has been dropped because it is unbounde
d (in y). (see also unbounded coords=jump). 
NOTE: coordinate (2Y2.2625e-1],3Y0.0e0]) has been dropped because it is unbound
ed (in y). (see also unbounded coords=jump). 
NOTE: coordinate (2Y1.76e-1],3Y0.0e0]) has been dropped because it is unbounded
 (in y). (see also unbounded coords=jump). 
NOTE: coordinate (2Y1.2575e-1],3Y0.0e0]) has been dropped because it is unbound
ed (in y). (see also unbounded coords=jump). 
NOTE: coordinate (2Y7.55e-2],3Y0.0e0]) has been dropped because it is unbounded
 (in y). (see also unbounded coords=jump). 
NOTE: coordinate (2Y2.525e-2],3Y0.0e0]) has been dropped because it is unbounde
d (in y). (see also unbounded coords=jump). 


[2]
Overfull \vbox (4.73015pt too high) has occurred while \output is active []



[3]

[4]

[5]

LaTeX Font Warning: Font shape `TU/XB-Niloofar(0)/m/it' undefined
(Font)              using `TU/XB-Niloofar(0)/m/n' instead on input line 338.



[6]

[7]

[8]

[9]

[10]

[11]

[12]

[13]
! Undefined control sequence.
<recently read> \multirow 
                          
l.716 ^^I^^I^^I\multirow
                        {2}{*}{$\nu_2$} & \multicolumn{5}{c|}{$\nu_1$} \\
The control sequence at the end of the top line
of your error message was never \def'ed. If you have
misspelled it (e.g., `\hobx'), type `I' and the correct
spelling (e.g., `I\hbox'). Otherwise just continue,
and I'll forget about whatever was undefined.



[14]

[15]

[16] (./HW2.aux)
 ***********
LaTeX2e <2024-11-01> patch level 2
L3 programming layer <2025-01-18>
 ***********


LaTeX Font Warning: Some font shapes were not available, defaults substituted.

Package rerunfilecheck Info: File `HW2.out' has not changed.
(rerunfilecheck)             Checksum: 48BF51279DA56954F5D55F5D18FA8D0A;14021.
 ) 
Here is how much of TeX's memory you used:
 39728 strings out of 473832
 976748 string characters out of 5733158
 1597207 words of memory out of 5000000
 62139 multiletter control sequences out of 15000+600000
 564082 words of font info for 85 fonts, out of 8000000 for 9000
 1348 hyphenation exceptions out of 8191
 99i,16n,107p,1234b,2151s stack positions out of 10000i,1000n,20000p,200000b,200000s

Output written on HW2.pdf (16 pages).
