\BOOKMARK [1][-]{section.1}{\376\377\006\105\006\102\006\057\006\105\006\107}{}% 1
\BOOKMARK [1][-]{section.2}{\376\377\006\361\000.\000\040\006\052\006\050\006\057\006\314\006\104\000\040\006\104\006\257\006\047\006\061\006\314\006\052\006\105\006\314\000\040\000\050\000L\000o\000g\000a\000r\000i\000t\000h\000m\000i\000c\000\040\000T\000r\000a\000n\000s\000f\000o\000r\000m\000a\000t\000i\000o\000n\000\051}{}% 2
\BOOKMARK [2][-]{subsection.2.1}{\376\377\006\101\006\061\006\105\006\110\006\104\000:}{section.2}% 3
\BOOKMARK [2][-]{subsection.2.2}{\376\377\006\052\006\110\006\066\006\314\006\055\000\040\006\105\006\101\006\065\006\104\000:}{section.2}% 4
\BOOKMARK [3][-]{subsubsection.2.2.1}{\376\377\006\056\006\065\006\110\006\065\006\314\006\047\006\052\000\040\006\061\006\314\006\047\006\066\006\314\000:}{subsection.2.2}% 5
\BOOKMARK [3][-]{subsubsection.2.2.2}{\376\377\006\105\006\053\006\047\006\104\000\040\006\071\006\105\006\104\006\314\000\040\006\050\006\047\000\040\006\105\006\055\006\047\006\063\006\050\006\047\006\052\000\040\006\251\006\047\006\105\006\104\000:}{subsection.2.2}% 6
\BOOKMARK [2][-]{subsection.2.3}{\376\377\006\106\006\105\006\110\006\057\006\047\006\061\000\040\006\105\006\102\006\047\006\314\006\063\006\107\040\014\006\047\006\314\000\040\006\050\006\107\006\050\006\110\006\057\000\040\006\314\006\047\006\101\006\052\006\107\000:}{section.2}% 7
\BOOKMARK [1][-]{section.3}{\376\377\006\362\000.\000\040\006\052\006\050\006\057\006\314\006\104\000\040\006\061\006\047\006\057\006\314\006\251\006\047\006\104\000\040\000\050\000S\000q\000u\000a\000r\000e\000\040\000R\000o\000o\000t\000\040\000T\000r\000a\000n\000s\000f\000o\000r\000m\000a\000t\000i\000o\000n\000\051}{}% 8
\BOOKMARK [2][-]{subsection.3.1}{\376\377\006\101\006\061\006\105\006\110\006\104\000:}{section.3}% 9
\BOOKMARK [2][-]{subsection.3.2}{\376\377\006\052\006\110\006\066\006\314\006\055\000\040\006\105\006\101\006\065\006\104\000:}{section.3}% 10
\BOOKMARK [3][-]{subsubsection.3.2.1}{\376\377\006\056\006\065\006\110\006\065\006\314\006\047\006\052\000\040\006\061\006\314\006\047\006\066\006\314\000:}{subsection.3.2}% 11
\BOOKMARK [3][-]{subsubsection.3.2.2}{\376\377\006\105\006\053\006\047\006\104\000\040\006\071\006\105\006\104\006\314\000\040\006\050\006\047\000\040\006\105\006\055\006\047\006\063\006\050\006\047\006\052\000\040\006\251\006\047\006\105\006\104\000:}{subsection.3.2}% 12
\BOOKMARK [2][-]{subsection.3.3}{\376\377\006\106\006\105\006\110\006\057\006\047\006\061\000\040\006\052\006\047\006\050\006\071\000\040\006\061\006\047\006\057\006\314\006\251\006\047\006\104\000:}{section.3}% 13
\BOOKMARK [1][-]{section.4}{\376\377\006\363\000.\000\040\006\052\006\050\006\057\006\314\006\104\000\040\006\050\006\047\006\251\006\063\000-\006\251\006\047\006\251\006\063\000\040\000\050\000B\000o\000x\000-\000C\000o\000x\000\040\000T\000r\000a\000n\000s\000f\000o\000r\000m\000a\000t\000i\000o\000n\000\051}{}% 14
\BOOKMARK [2][-]{subsection.4.1}{\376\377\006\101\006\061\006\105\006\110\006\104\000:}{section.4}% 15
\BOOKMARK [2][-]{subsection.4.2}{\376\377\006\052\006\101\006\063\006\314\006\061\000\040\006\061\006\314\006\047\006\066\006\314\000\040\006\105\006\102\006\047\006\057\006\314\006\061\000\040\006\105\006\056\006\052\006\104\006\101\000\040\000:}{section.4}% 16
\BOOKMARK [3][-]{subsubsection.4.2.1}{\376\377\000=\000\040\0002\000\040\000\050\006\052\006\050\006\057\006\314\006\104\000\040\006\057\006\061\006\054\006\107\000\040\006\057\006\110\006\105\000\051\000:}{subsection.4.2}% 17
\BOOKMARK [3][-]{subsubsection.4.2.2}{\376\377\000=\000\040\0001\000\040\000\050\006\052\006\050\006\057\006\314\006\104\000\040\006\056\006\067\006\314\000\051\000:}{subsection.4.2}% 18
\BOOKMARK [3][-]{subsubsection.4.2.3}{\376\377\000=\000\040\0000\000.\0005\000\040\000\050\006\052\006\050\006\057\006\314\006\104\000\040\006\061\006\047\006\057\006\314\006\251\006\047\006\104\000\051\000:}{subsection.4.2}% 19
\BOOKMARK [3][-]{subsubsection.4.2.4}{\376\377\000=\000\040\0000\000\040\000\050\006\052\006\050\006\057\006\314\006\104\000\040\006\104\006\257\006\047\006\061\006\314\006\052\006\105\006\314\000\051\000:}{subsection.4.2}% 20
\BOOKMARK [3][-]{subsubsection.4.2.5}{\376\377\000=\000\040\000-\0000\000.\0005\000\040\000\050\006\052\006\050\006\057\006\314\006\104\000\040\006\105\006\071\006\251\006\110\006\063\000\040\006\061\006\047\006\057\006\314\006\251\006\047\006\104\000\051\000:}{subsection.4.2}% 21
\BOOKMARK [3][-]{subsubsection.4.2.6}{\376\377\000=\000\040\000-\0001\000\040\000\050\006\052\006\050\006\057\006\314\006\104\000\040\006\105\006\071\006\251\006\110\006\063\000\051\000:}{subsection.4.2}% 22
\BOOKMARK [2][-]{subsection.4.3}{\376\377\006\061\006\110\006\064\000\040\006\314\006\047\006\101\006\052\006\106\000\040\000\040\006\050\006\107\006\314\006\106\006\107\000:}{section.4}% 23
\BOOKMARK [2][-]{subsection.4.4}{\376\377\006\105\006\053\006\047\006\104\000\040\006\071\006\105\006\104\006\314\000\040\006\251\006\047\006\105\006\104\000:}{section.4}% 24
\BOOKMARK [2][-]{subsection.4.5}{\376\377\006\106\006\105\006\110\006\057\006\047\006\061\000\040\006\047\006\053\006\061\000\040\006\105\006\102\006\047\006\057\006\314\006\061\000\040\006\105\006\056\006\052\006\104\006\101\000\040\000:}{section.4}% 25
\BOOKMARK [1][-]{section.5}{\376\377\006\105\006\102\006\047\006\314\006\063\006\107\000\040\006\251\006\105\006\314\000\040\006\063\006\107\000\040\006\061\006\110\006\064}{}% 26
\BOOKMARK [2][-]{subsection.5.1}{\376\377\006\105\006\053\006\047\006\104\000\040\006\251\006\047\006\061\006\050\006\061\006\057\006\314\000:\000\040\006\057\006\047\006\057\006\107\040\014\006\107\006\047\006\314\000\040\006\057\006\061\006\042\006\105\006\057}{section.5}% 27
\BOOKMARK [3][-]{subsubsection.5.1.1}{\376\377\006\105\006\055\006\047\006\063\006\050\006\047\006\052\000\040\006\057\006\102\006\314\006\102\000:}{subsection.5.1}% 28
\BOOKMARK [1][-]{section.6}{\376\377\006\061\006\047\006\107\006\106\006\105\006\047\006\314\000\040\006\071\006\105\006\104\006\314\000\040\006\047\006\106\006\052\006\056\006\047\006\050\000\040\006\061\006\110\006\064}{}% 29
\BOOKMARK [2][-]{subsection.6.1}{\376\377\006\047\006\104\006\257\006\110\006\061\006\314\006\052\006\105\000\040\006\052\006\065\006\105\006\314\006\105\040\014\006\257\006\314\006\061\006\314\000\040\006\071\006\104\006\105\006\314\000:}{section.6}% 30
\BOOKMARK [1][-]{section.7}{\376\377\006\106\006\052\006\314\006\054\006\107\040\014\006\257\006\314\006\061\006\314}{}% 31
