\BOOKMARK [1][-]{section.1}{\376\377\006\105\006\047\006\064\006\314\006\106\000\040\006\050\006\061\006\057\006\047\006\061\000\040\006\176\006\064\006\052\006\314\006\050\006\047\006\106\000\040\000\050\000S\000V\000M\000\051\000\040\006\206\006\314\006\063\006\052\006\037}{}% 1
\BOOKMARK [1][-]{section.2}{\376\377\006\054\006\057\006\047\006\251\006\106\006\106\006\057\006\107\000\040\006\056\006\067\006\314\000\040\006\110\000\040\006\105\006\101\006\107\006\110\006\105\000\040\006\055\006\047\006\064\006\314\006\107\000\040\006\050\006\314\006\064\006\314\006\106\006\107}{}% 2
\BOOKMARK [1][-]{section.3}{\376\377\006\105\006\102\006\047\006\050\006\104\006\107\000\040\006\050\006\047\000\040\006\057\006\047\006\057\006\107\040\014\006\107\006\047\006\314\000\040\006\054\006\057\006\047\006\106\006\047\006\176\006\060\006\314\006\061\000:\000\040\006\055\006\047\006\064\006\314\006\107\000\040\006\106\006\061\006\105}{}% 3
\BOOKMARK [2][-]{subsection.3.1}{\376\377\006\052\006\047\006\050\006\071\000\040\006\107\006\062\006\314\006\106\006\107\000\040\000H\000i\000n\000g\000e\000\040\000L\000o\000s\000s}{section.3}% 4
\BOOKMARK [1][-]{section.4}{\376\377\006\061\006\314\006\047\006\066\006\314\006\047\006\052\000\040\006\050\006\107\006\314\006\106\006\107\040\014\006\063\006\047\006\062\006\314\000:\000\040\006\104\006\047\006\257\006\061\006\047\006\106\006\230\006\014\000\040\006\057\006\110\006\257\006\047\006\106\006\257\006\314\000\040\006\110\000\040\000K\000K\000T}{}% 5
\BOOKMARK [2][-]{subsection.4.1}{\376\377\006\064\006\061\006\047\006\314\006\067\000\040\006\251\006\047\006\061\006\110\006\064\000-\006\251\006\110\006\107\006\106\000-\006\052\006\047\006\251\006\061\000\040\000\050\000K\000K\000T\000\051}{section.4}% 6
\BOOKMARK [1][-]{section.5}{\376\377\006\052\006\061\006\101\006\106\006\057\000\040\006\251\006\061\006\106\006\104\000:\000\040\006\055\006\061\006\251\006\052\000\040\006\050\006\107\000\040\006\047\006\050\006\071\006\047\006\057\000\040\006\050\006\047\006\104\006\047\006\052\006\061}{}% 7
\BOOKMARK [2][-]{subsection.5.1}{\376\377\006\047\006\106\006\110\006\047\006\071\000\040\006\251\006\061\006\106\006\104\040\014\006\107\006\047\006\314\000\040\006\105\006\052\006\057\006\047\006\110\006\104}{section.5}% 8
\BOOKMARK [1][-]{section.6}{\376\377\006\176\006\061\006\063\006\064\000\040\006\110\000\040\006\176\006\047\006\063\006\056\040\014\006\107\006\047\006\314\000\040\006\071\006\105\006\104\006\314}{}% 9
\BOOKMARK [2][-]{subsection.6.1}{\376\377\006\206\006\061\006\047\000\040\000S\000V\000M\000\040\006\050\006\107\000\040\006\105\006\102\006\314\006\047\006\063\040\014\006\050\006\106\006\057\006\314\000\040\006\110\006\314\006\230\006\257\006\314\040\014\006\107\006\047\000\040\006\055\006\063\006\047\006\063\000\040\006\047\006\063\006\052\006\037}{section.6}% 10
\BOOKMARK [2][-]{subsection.6.2}{\376\377\000S\000V\000M\000\040\006\206\006\257\006\110\006\106\006\107\000\040\006\105\006\063\006\047\006\046\006\104\000\040\006\206\006\106\006\057\006\251\006\104\006\047\006\063\006\107\000\040\006\061\006\047\000\040\006\055\006\104\000\040\006\105\006\314\040\014\006\251\006\106\006\057\006\037}{section.6}% 11
\BOOKMARK [2][-]{subsection.6.3}{\376\377\006\052\006\043\006\053\006\314\006\061\000\040\006\176\006\047\006\061\006\047\006\105\006\052\006\061\006\107\006\047\006\314\000\040\000C\000\040\006\110\000\040\000G\000a\000m\000m\000a\000\040\006\206\006\257\006\110\006\106\006\107\000\040\006\047\006\063\006\052\006\037}{section.6}% 12
\BOOKMARK [2][-]{subsection.6.4}{\376\377\006\105\006\102\006\047\006\314\006\063\006\107\000\040\006\101\006\104\006\063\006\101\006\107\000\040\006\251\006\061\006\106\006\104\000\040\000R\000B\000F\000\040\006\110\000\040\006\251\006\061\006\106\006\104\000\040\006\251\006\063\006\314\006\106\006\110\006\063\006\314}{section.6}% 13
\BOOKMARK [2][-]{subsection.6.5}{\376\377\000S\000V\000M\000\040\006\057\006\061\000\040\006\050\006\061\006\047\006\050\006\061\000\040\006\106\006\110\006\314\006\062\000\040\006\110\000\040\006\057\006\047\006\057\006\107\040\014\006\107\006\047\006\314\000\040\006\176\006\061\006\052\000\040\006\206\006\257\006\110\006\106\006\107\000\040\006\071\006\105\006\104\000\040\006\105\006\314\040\014\006\251\006\106\006\057\006\037}{section.6}% 14
\BOOKMARK [2][-]{subsection.6.6}{\376\377\006\106\006\101\006\061\006\314\006\106\000\040\006\047\006\050\006\071\006\047\006\057\000\040\006\110\000\040\006\050\006\117\006\071\006\057\000\040\000V\000C\000\040\006\206\006\107\000\040\006\107\006\063\006\052\006\106\006\057\006\037}{section.6}% 15
\BOOKMARK [3][-]{subsubsection.6.6.1}{\376\377\006\106\006\101\006\061\006\314\006\106\000\040\006\047\006\050\006\071\006\047\006\057\000\040\000\050\000C\000u\000r\000s\000e\000\040\000o\000f\000\040\000D\000i\000m\000e\000n\000s\000i\000o\000n\000a\000l\000i\000t\000y\000\051}{subsection.6.6}% 16
\BOOKMARK [3][-]{subsubsection.6.6.2}{\376\377\006\050\006\117\006\071\006\057\000\040\000V\000C\000\040\000\050\000V\000a\000p\000n\000i\000k\000-\000C\000h\000e\000r\000v\000o\000n\000e\000n\000k\000i\000s\000\040\000D\000i\000m\000e\000n\000s\000i\000o\000n\000\051}{subsection.6.6}% 17
\BOOKMARK [1][-]{section.7}{\376\377\006\251\006\047\006\061\006\050\006\061\006\057\000\040\006\110\006\314\006\230\006\107\000:\000\040\006\052\006\064\006\056\006\314\006\065\000\040\006\057\006\047\006\057\006\107\000\040\006\176\006\061\006\052\000\040\006\057\006\061\000\040\006\047\006\104\006\251\006\052\006\061\006\110\006\101\006\314\006\062\006\314\006\110\006\104\006\110\006\230\006\314}{}% 18
\BOOKMARK [2][-]{subsection.7.1}{\376\377\006\047\006\104\006\257\006\110\006\061\006\314\006\052\006\105\000\040\000O\000n\000e\000-\000C\000l\000a\000s\000s\000\040\000S\000V\000M}{section.7}% 19
\BOOKMARK [3][-]{subsubsection.7.1.1}{\376\377\006\052\006\101\006\047\006\110\006\052\000\040\006\061\006\314\006\047\006\066\006\314\000\040\006\050\006\047\000\040\000S\000V\000M\000\040\006\047\006\063\006\052\006\047\006\106\006\057\006\047\006\061\006\057}{subsection.7.1}% 20
\BOOKMARK [3][-]{subsubsection.7.1.2}{\376\377\006\105\006\053\006\047\006\104\040\014\006\107\006\047\006\314\000\040\006\071\006\105\006\104\006\314\000\040\006\050\006\047\000\040\000S\000c\000i\000k\000i\000t\000-\000l\000e\000a\000r\000n}{subsection.7.1}% 21
\BOOKMARK [3][-]{subsubsection.7.1.3}{\376\377\006\105\006\061\006\047\006\055\006\104\000\040\006\071\006\105\006\104\006\314\000\040\006\064\006\106\006\047\006\063\006\047\006\314\006\314\000\040\006\042\006\061\006\052\006\314\006\101\006\251\006\052\000\040\000E\000E\000G\000\040\006\050\006\047\000\040\000O\000n\000e\000-\000C\000l\000a\000s\000s\000\040\000S\000V\000M}{subsection.7.1}% 22
\BOOKMARK [1][-]{section.8}{\376\377\006\054\006\105\006\071\040\014\006\050\006\106\006\057\006\314\000:\000\040\006\105\006\062\006\047\006\314\006\047\000\040\006\110\000\040\006\105\006\071\006\047\006\314\006\050\000\040\000S\000V\000M}{}% 23
\BOOKMARK [2][-]{subsection.8.1}{\376\377\006\105\006\062\006\047\006\314\006\047}{section.8}% 24
\BOOKMARK [2][-]{subsection.8.2}{\376\377\006\105\006\071\006\047\006\314\006\050}{section.8}% 25
